Log file open, 02/04/21 09:40:30
LogInit: Display: Running engine for game: Arena
LogPlatformFile: Not using cached read wrapper
LogTaskGraph: Started task graph with 5 named threads and 47 total threads with 3 sets of task threads.
LogStats: Stats thread started at 0.205821
LogD3D11RHI: Loaded GFSDK_Aftermath_Lib.x64.dll
LogICUInternationalization: ICU TimeZone Detection - Raw Offset: +0:00, Platform Override: ''
LogPluginManager: Mounting plugin Paper2D
LogPluginManager: Mounting plugin AISupport
LogPluginManager: Mounting plugin LightPropagationVolume
LogPluginManager: Mounting plugin CameraShakePreviewer
LogPluginManager: Mounting plugin ActorLayerUtilities
LogPluginManager: Mounting plugin AnimationSharing
LogPluginManager: Mounting plugin CLionSourceCodeAccess
LogPluginManager: Mounting plugin CodeLiteSourceCodeAccess
LogPluginManager: Mounting plugin GitSourceControl
LogPluginManager: Mounting plugin KDevelopSourceCodeAccess
LogPluginManager: Mounting plugin NullSourceCodeAccess
LogPluginManager: Mounting plugin PerforceSourceControl
LogPluginManager: Mounting plugin PlasticSourceControl
LogPluginManager: Mounting plugin RiderSourceCodeAccess
LogPluginManager: Mounting plugin SubversionSourceControl
LogPluginManager: Mounting plugin UObjectPlugin
LogPluginManager: Mounting plugin VisualStudioCodeSourceCodeAccess
LogPluginManager: Mounting plugin VisualStudioSourceCodeAccess
LogPluginManager: Mounting plugin XCodeSourceCodeAccess
LogPluginManager: Mounting plugin AssetManagerEditor
LogPluginManager: Mounting plugin CryptoKeys
LogPluginManager: Mounting plugin CurveEditorTools
LogPluginManager: Mounting plugin DataValidation
LogPluginManager: Mounting plugin EditorScriptingUtilities
LogPluginManager: Mounting plugin FacialAnimation
LogPluginManager: Mounting plugin GameplayTagsEditor
LogPluginManager: Mounting plugin GeometryMode
LogPluginManager: Mounting plugin MacGraphicsSwitching
LogPluginManager: Mounting plugin MaterialAnalyzer
LogPluginManager: Mounting plugin MobileLauncherProfileWizard
LogPluginManager: Mounting plugin PluginBrowser
LogPluginManager: Mounting plugin SpeedTreeImporter
LogPluginManager: Mounting plugin DatasmithContent
LogPluginManager: Mounting plugin VariantManagerContent
LogPluginManager: Mounting plugin AlembicImporter
LogPluginManager: Mounting plugin AutomationUtils
LogPluginManager: Mounting plugin BackChannel
LogPluginManager: Mounting plugin ChaosCloth
LogPluginManager: Mounting plugin ChaosClothEditor
LogPluginManager: Mounting plugin ChaosEditor
LogPluginManager: Mounting plugin ChaosNiagara
LogPluginManager: Mounting plugin ChaosSolverPlugin
LogPluginManager: Mounting plugin CharacterAI
LogPluginManager: Mounting plugin GeometryCache
LogPluginManager: Mounting plugin GeometryCollectionPlugin
LogPluginManager: Mounting plugin GeometryProcessing
LogPluginManager: Mounting plugin PlanarCut
LogPluginManager: Mounting plugin PlatformCrypto
LogPluginManager: Mounting plugin ProxyLODPlugin
LogPluginManager: Mounting plugin SkeletalReduction
LogPluginManager: Mounting plugin Niagara
LogPluginManager: Mounting plugin MagicLeap
LogPluginManager: Mounting plugin MagicLeapLightEstimation
LogPluginManager: Mounting plugin MagicLeapMedia
LogPluginManager: Mounting plugin MagicLeapPassableWorld
LogPluginManager: Mounting plugin MLSDK
LogPluginManager: Mounting plugin AndroidMedia
LogPluginManager: Mounting plugin AvfMedia
LogPluginManager: Mounting plugin ImgMedia
LogPluginManager: Mounting plugin MediaCompositing
LogPluginManager: Mounting plugin MediaPlayerEditor
LogPluginManager: Mounting plugin WebMMedia
LogPluginManager: Mounting plugin WmfMedia
LogPluginManager: Mounting plugin MeshPainting
LogPluginManager: Mounting plugin TcpMessaging
LogPluginManager: Mounting plugin UdpMessaging
LogPluginManager: Mounting plugin ActorSequence
LogPluginManager: Mounting plugin LevelSequenceEditor
LogPluginManager: Mounting plugin MatineeToLevelSequence
LogPluginManager: Mounting plugin MovieRenderPipeline
LogPluginManager: Mounting plugin TemplateSequence
LogPluginManager: Mounting plugin NetcodeUnitTest
LogPluginManager: Mounting plugin NUTUnrealEngine4
LogPluginManager: Mounting plugin OnlineSubsystemGooglePlay
LogPluginManager: Mounting plugin OnlineSubsystemIOS
LogPluginManager: Mounting plugin OnlineSubsystem
LogPluginManager: Mounting plugin OnlineSubsystemNull
LogPluginManager: Mounting plugin OnlineSubsystemUtils
LogPluginManager: Mounting plugin LauncherChunkInstaller
LogPluginManager: Mounting plugin AndroidDeviceProfileSelector
LogPluginManager: Mounting plugin AndroidMoviePlayer
LogPluginManager: Mounting plugin AndroidPermission
LogPluginManager: Mounting plugin AppleImageUtils
LogPluginManager: Mounting plugin AppleMoviePlayer
LogPluginManager: Mounting plugin ArchVisCharacter
LogPluginManager: Mounting plugin AssetTags
LogPluginManager: Mounting plugin AudioCapture
LogPluginManager: Mounting plugin CableComponent
LogPluginManager: Mounting plugin CustomMeshComponent
LogPluginManager: Mounting plugin EditableMesh
LogPluginManager: Mounting plugin ExampleDeviceProfileSelector
LogPluginManager: Mounting plugin GoogleCloudMessaging
LogPluginManager: Mounting plugin GooglePAD
LogPluginManager: Mounting plugin IOSDeviceProfileSelector
LogPluginManager: Mounting plugin LinuxDeviceProfileSelector
LogPluginManager: Mounting plugin LocationServicesBPLibrary
LogPluginManager: Mounting plugin MobilePatchingUtils
LogPluginManager: Mounting plugin OculusVR
LogPluginManager: Mounting plugin PhysXVehicles
LogPluginManager: Mounting plugin PostSplashScreen
LogPluginManager: Mounting plugin ProceduralMeshComponent
LogPluginManager: Mounting plugin RuntimePhysXCooking
LogPluginManager: Mounting plugin SignificanceManager
LogPluginManager: Mounting plugin SoundFields
LogPluginManager: Mounting plugin SteamVR
LogPluginManager: Mounting plugin Synthesis
LogPluginManager: Mounting plugin WebMMoviePlayer
LogPluginManager: Mounting plugin WindowsMoviePlayer
LogPluginManager: Mounting plugin ScreenshotTools
LogInit: Using libcurl 7.55.1-DEV
LogInit:  - built for x86_64-pc-win32
LogInit:  - supports SSL with OpenSSL/1.1.1
LogInit:  - supports HTTP deflate (compression) using libz 1.2.8
LogInit:  - other features:
LogInit:      CURL_VERSION_SSL
LogInit:      CURL_VERSION_LIBZ
LogInit:      CURL_VERSION_IPV6
LogInit:      CURL_VERSION_ASYNCHDNS
LogInit:      CURL_VERSION_LARGEFILE
LogInit:      CURL_VERSION_IDN
LogInit:  CurlRequestOptions (configurable via config and command line):
LogInit:  - bVerifyPeer = true  - Libcurl will verify peer certificate
LogInit:  - bUseHttpProxy = false  - Libcurl will NOT use HTTP proxy
LogInit:  - bDontReuseConnections = false  - Libcurl will reuse connections
LogInit:  - MaxHostConnections = 16  - Libcurl will limit the number of connections to a host
LogInit:  - LocalHostAddr = Default
LogInit:  - BufferSize = 65536
LogOnline: OSS: Creating online subsystem instance for: NULL
LogInit: WinSock: version 1.1 (2.2), MaxSocks=32767, MaxUdp=65467
LogOnline: OSS: TryLoadSubsystemAndSetDefault: Loaded subsystem for module [NULL]
LogInit: Build: ++UE4+Release-4.25-CL-13942748
LogInit: Engine Version: 4.25.3-13942748+++UE4+Release-4.25
LogInit: Compatible Engine Version: 4.25.0-13144385+++UE4+Release-4.25
LogInit: Net CL: 13144385
LogInit: OS: Windows 10 (Release 2004) (), CPU: AMD Ryzen 7 3700X 8-Core Processor             , GPU: Radeon RX 570 Series
LogInit: Compiled (64-bit): Jul 25 2020 02:07:48
LogInit: Compiled with Visual C++: 19.24.28315.00
LogInit: Build Configuration: Development
LogInit: Branch Name: ++UE4+Release-4.25
LogInit: Command Line:  -EpicPortal -epicusername=Sheridank4 -epicuserid=97c8e97fdc5048108c2443ba29eb076d -epiclocale=en
LogInit: Base Directory: D:/Program Files/UE_4.25/Engine/Binaries/Win64/
LogInit: Allocator: TBB
LogInit: Installed Engine Build: 1
LogDevObjectVersion: Number of dev versions registered: 26
LogDevObjectVersion:   Dev-Blueprints (B0D832E4-1F89-4F0D-ACCF-7EB736FD4AA2): 10
LogDevObjectVersion:   Dev-Build (E1C64328-A22C-4D53-A36C-8E866417BD8C): 0
LogDevObjectVersion:   Dev-Core (375EC13C-06E4-48FB-B500-84F0262A717E): 4
LogDevObjectVersion:   Dev-Editor (E4B068ED-F494-42E9-A231-DA0B2E46BB41): 38
LogDevObjectVersion:   Dev-Framework (CFFC743F-43B0-4480-9391-14DF171D2073): 37
LogDevObjectVersion:   Dev-Mobile (B02B49B5-BB20-44E9-A304-32B752E40360): 2
LogDevObjectVersion:   Dev-Networking (A4E4105C-59A1-49B5-A7C5-40C4547EDFEE): 0
LogDevObjectVersion:   Dev-Online (39C831C9-5AE6-47DC-9A44-9C173E1C8E7C): 0
LogDevObjectVersion:   Dev-Physics (78F01B33-EBEA-4F98-B9B4-84EACCB95AA2): 4
LogDevObjectVersion:   Dev-Platform (6631380F-2D4D-43E0-8009-CF276956A95A): 0
LogDevObjectVersion:   Dev-Rendering (12F88B9F-8875-4AFC-A67C-D90C383ABD29): 43
LogDevObjectVersion:   Dev-Sequencer (7B5AE74C-D270-4C10-A958-57980B212A5A): 12
LogDevObjectVersion:   Dev-VR (D7296918-1DD6-4BDD-9DE2-64A83CC13884): 3
LogDevObjectVersion:   Dev-LoadTimes (C2A15278-BFE7-4AFE-6C17-90FF531DF755): 1
LogDevObjectVersion:   Private-Geometry (6EACA3D4-40EC-4CC1-B786-8BED09428FC5): 3
LogDevObjectVersion:   Dev-AnimPhys (29E575DD-E0A3-4627-9D10-D276232CDCEA): 17
LogDevObjectVersion:   Dev-Anim (AF43A65D-7FD3-4947-9873-3E8ED9C1BB05): 7
LogDevObjectVersion:   Dev-ReflectionCapture (6B266CEC-1EC7-4B8F-A30B-E4D90942FC07): 1
LogDevObjectVersion:   Dev-Automation (0DF73D61-A23F-47EA-B727-89E90C41499A): 1
LogDevObjectVersion:   FortniteMain (601D1886-AC64-4F84-AA16-D3DE0DEAC7D6): 31
LogDevObjectVersion:   Dev-Enterprise (9DFFBCD6-494F-0158-E221-12823C92A888): 10
LogDevObjectVersion:   Dev-Niagara (F2AED0AC-9AFE-416F-8664-AA7FFA26D6FC): 1
LogDevObjectVersion:   Dev-Destruction (174F1F0B-B4C6-45A5-B13F-2EE8D0FB917D): 10
LogDevObjectVersion:   Dev-Physics-Ext (35F94A83-E258-406C-A318-09F59610247C): 37
LogDevObjectVersion:   Dev-PhysicsMaterial-Chaos (B68FC16E-8B1B-42E2-B453-215C058844FE): 1
LogDevObjectVersion:   Dev-CineCamera (B2E18506-4273-CFC2-A54E-F4BB758BBA07): 1
LogInit: Presizing for max 25165824 objects, including 0 objects not considered by GC, pre-allocating 0 bytes for permanent pool.
LogConfig: Applying CVar settings from Section [/Script/Engine.StreamingSettings] File [D:/Documents/Unreal Projects/Arena/Saved/Config/Windows/Engine.ini]
LogConfig: Setting CVar [[s.MinBulkDataSizeForAsyncLoading:131072]]
LogConfig: Setting CVar [[s.AsyncLoadingThreadEnabled:0]]
LogConfig: Setting CVar [[s.EventDrivenLoaderEnabled:1]]
LogConfig: Setting CVar [[s.WarnIfTimeLimitExceeded:0]]
LogConfig: Setting CVar [[s.TimeLimitExceededMultiplier:1.5]]
LogConfig: Setting CVar [[s.TimeLimitExceededMinTime:0.005]]
LogConfig: Setting CVar [[s.UseBackgroundLevelStreaming:1]]
LogConfig: Setting CVar [[s.PriorityAsyncLoadingExtraTime:15.0]]
LogConfig: Setting CVar [[s.LevelStreamingActorsUpdateTimeLimit:5.0]]
LogConfig: Setting CVar [[s.PriorityLevelStreamingActorsUpdateExtraTime:5.0]]
LogConfig: Setting CVar [[s.LevelStreamingComponentsRegistrationGranularity:10]]
LogConfig: Setting CVar [[s.UnregisterComponentsTimeLimit:1.0]]
LogConfig: Setting CVar [[s.LevelStreamingComponentsUnregistrationGranularity:5]]
LogConfig: Setting CVar [[s.FlushStreamingOnExit:1]]
LogInit: Object subsystem initialized
LogConfig: Setting CVar [[con.DebugEarlyDefault:1]]
LogConfig: Setting CVar [[r.setres:1280x720]]
[2021.02.04-09.40.31:059][  0]LogConfig: Setting CVar [[r.VSync:0]]
[2021.02.04-09.40.31:059][  0]LogConfig: Setting CVar [[r.RHICmdBypass:0]]
[2021.02.04-09.40.31:059][  0]LogConfig: Applying CVar settings from Section [/Script/Engine.RendererSettings] File [D:/Documents/Unreal Projects/Arena/Saved/Config/Windows/Engine.ini]
[2021.02.04-09.40.31:059][  0]LogConfig: Setting CVar [[r.GPUCrashDebugging:0]]
[2021.02.04-09.40.31:059][  0]LogConfig: Applying CVar settings from Section [/Script/Engine.RendererOverrideSettings] File [D:/Documents/Unreal Projects/Arena/Saved/Config/Windows/Engine.ini]
[2021.02.04-09.40.31:059][  0]LogConfig: Applying CVar settings from Section [/Script/Engine.StreamingSettings] File [D:/Documents/Unreal Projects/Arena/Saved/Config/Windows/Engine.ini]
[2021.02.04-09.40.31:059][  0]LogConfig: Setting CVar [[s.MinBulkDataSizeForAsyncLoading:131072]]
[2021.02.04-09.40.31:059][  0]LogConfig: Setting CVar [[s.AsyncLoadingThreadEnabled:0]]
[2021.02.04-09.40.31:059][  0]LogConfig: Setting CVar [[s.EventDrivenLoaderEnabled:1]]
[2021.02.04-09.40.31:059][  0]LogConfig: Setting CVar [[s.WarnIfTimeLimitExceeded:0]]
[2021.02.04-09.40.31:059][  0]LogConfig: Setting CVar [[s.TimeLimitExceededMultiplier:1.5]]
[2021.02.04-09.40.31:059][  0]LogConfig: Setting CVar [[s.TimeLimitExceededMinTime:0.005]]
[2021.02.04-09.40.31:059][  0]LogConfig: Setting CVar [[s.UseBackgroundLevelStreaming:1]]
[2021.02.04-09.40.31:059][  0]LogConfig: Setting CVar [[s.PriorityAsyncLoadingExtraTime:15.0]]
[2021.02.04-09.40.31:060][  0]LogConfig: Setting CVar [[s.LevelStreamingActorsUpdateTimeLimit:5.0]]
[2021.02.04-09.40.31:060][  0]LogConfig: Setting CVar [[s.PriorityLevelStreamingActorsUpdateExtraTime:5.0]]
[2021.02.04-09.40.31:060][  0]LogConfig: Setting CVar [[s.LevelStreamingComponentsRegistrationGranularity:10]]
[2021.02.04-09.40.31:060][  0]LogConfig: Setting CVar [[s.UnregisterComponentsTimeLimit:1.0]]
[2021.02.04-09.40.31:060][  0]LogConfig: Setting CVar [[s.LevelStreamingComponentsUnregistrationGranularity:5]]
[2021.02.04-09.40.31:060][  0]LogConfig: Setting CVar [[s.FlushStreamingOnExit:1]]
[2021.02.04-09.40.31:060][  0]LogConfig: Applying CVar settings from Section [/Script/Engine.GarbageCollectionSettings] File [D:/Documents/Unreal Projects/Arena/Saved/Config/Windows/Engine.ini]
[2021.02.04-09.40.31:060][  0]LogConfig: Setting CVar [[gc.MaxObjectsNotConsideredByGC:1]]
[2021.02.04-09.40.31:060][  0]LogConfig: Setting CVar [[gc.SizeOfPermanentObjectPool:0]]
[2021.02.04-09.40.31:060][  0]LogConfig: Setting CVar [[gc.FlushStreamingOnGC:0]]
[2021.02.04-09.40.31:060][  0]LogConfig: Setting CVar [[gc.NumRetriesBeforeForcingGC:10]]
[2021.02.04-09.40.31:060][  0]LogConfig: Setting CVar [[gc.AllowParallelGC:1]]
[2021.02.04-09.40.31:060][  0]LogConfig: Setting CVar [[gc.TimeBetweenPurgingPendingKillObjects:61.1]]
[2021.02.04-09.40.31:060][  0]LogConfig: Setting CVar [[gc.MaxObjectsInEditor:25165824]]
[2021.02.04-09.40.31:060][  0]LogConfig: Setting CVar [[gc.IncrementalBeginDestroyEnabled:1]]
[2021.02.04-09.40.31:060][  0]LogConfig: Setting CVar [[gc.CreateGCClusters:1]]
[2021.02.04-09.40.31:060][  0]LogConfig: Setting CVar [[gc.MinGCClusterSize:5]]
[2021.02.04-09.40.31:060][  0]LogConfig: Setting CVar [[gc.ActorClusteringEnabled:0]]
[2021.02.04-09.40.31:060][  0]LogConfig: Setting CVar [[gc.BlueprintClusteringEnabled:0]]
[2021.02.04-09.40.31:060][  0]LogConfig: Setting CVar [[gc.UseDisregardForGCOnDedicatedServers:0]]
[2021.02.04-09.40.31:060][  0]LogConfig: Applying CVar settings from Section [/Script/Engine.NetworkSettings] File [D:/Documents/Unreal Projects/Arena/Saved/Config/Windows/Engine.ini]
[2021.02.04-09.40.31:060][  0]LogConfig: Applying CVar settings from Section [/Script/UnrealEd.CookerSettings] File [D:/Documents/Unreal Projects/Arena/Saved/Config/Windows/Engine.ini]
[2021.02.04-09.40.31:076][  0]LogConfig: Applying CVar settings from Section [ViewDistanceQuality@3] File [D:/Documents/Unreal Projects/Arena/Saved/Config/Windows/Scalability.ini]
[2021.02.04-09.40.31:076][  0]LogConfig: Setting CVar [[r.SkeletalMeshLODBias:0]]
[2021.02.04-09.40.31:076][  0]LogConfig: Setting CVar [[r.ViewDistanceScale:1.0]]
[2021.02.04-09.40.31:076][  0]LogConfig: Applying CVar settings from Section [AntiAliasingQuality@3] File [D:/Documents/Unreal Projects/Arena/Saved/Config/Windows/Scalability.ini]
[2021.02.04-09.40.31:076][  0]LogConfig: Setting CVar [[r.PostProcessAAQuality:4]]
[2021.02.04-09.40.31:076][  0]LogConfig: Applying CVar settings from Section [ShadowQuality@3] File [D:/Documents/Unreal Projects/Arena/Saved/Config/Windows/Scalability.ini]
[2021.02.04-09.40.31:077][  0]LogConfig: Setting CVar [[r.LightFunctionQuality:1]]
[2021.02.04-09.40.31:077][  0]LogConfig: Setting CVar [[r.ShadowQuality:5]]
[2021.02.04-09.40.31:077][  0]LogConfig: Setting CVar [[r.Shadow.CSM.MaxCascades:10]]
[2021.02.04-09.40.31:077][  0]LogConfig: Setting CVar [[r.Shadow.MaxResolution:2048]]
[2021.02.04-09.40.31:077][  0]LogConfig: Setting CVar [[r.Shadow.MaxCSMResolution:2048]]
[2021.02.04-09.40.31:077][  0]LogConfig: Setting CVar [[r.Shadow.RadiusThreshold:0.01]]
[2021.02.04-09.40.31:077][  0]LogConfig: Setting CVar [[r.Shadow.DistanceScale:1.0]]
[2021.02.04-09.40.31:077][  0]LogConfig: Setting CVar [[r.Shadow.CSM.TransitionScale:1.0]]
[2021.02.04-09.40.31:077][  0]LogConfig: Setting CVar [[r.Shadow.PreShadowResolutionFactor:1.0]]
[2021.02.04-09.40.31:077][  0]LogConfig: Setting CVar [[r.DistanceFieldShadowing:1]]
[2021.02.04-09.40.31:077][  0]LogConfig: Setting CVar [[r.DistanceFieldAO:1]]
[2021.02.04-09.40.31:077][  0]LogConfig: Setting CVar [[r.AOQuality:2]]
[2021.02.04-09.40.31:077][  0]LogConfig: Setting CVar [[r.VolumetricFog:1]]
[2021.02.04-09.40.31:077][  0]LogConfig: Setting CVar [[r.VolumetricFog.GridPixelSize:8]]
[2021.02.04-09.40.31:077][  0]LogConfig: Setting CVar [[r.VolumetricFog.GridSizeZ:128]]
[2021.02.04-09.40.31:077][  0]LogConfig: Setting CVar [[r.VolumetricFog.HistoryMissSupersampleCount:4]]
[2021.02.04-09.40.31:077][  0]LogConfig: Setting CVar [[r.LightMaxDrawDistanceScale:1]]
[2021.02.04-09.40.31:077][  0]LogConfig: Setting CVar [[r.CapsuleShadows:1]]
[2021.02.04-09.40.31:077][  0]LogConfig: Applying CVar settings from Section [PostProcessQuality@3] File [D:/Documents/Unreal Projects/Arena/Saved/Config/Windows/Scalability.ini]
[2021.02.04-09.40.31:077][  0]LogConfig: Setting CVar [[r.MotionBlurQuality:4]]
[2021.02.04-09.40.31:077][  0]LogConfig: Setting CVar [[r.AmbientOcclusionMipLevelFactor:0.4]]
[2021.02.04-09.40.31:077][  0]LogConfig: Setting CVar [[r.AmbientOcclusionMaxQuality:100]]
[2021.02.04-09.40.31:077][  0]LogConfig: Setting CVar [[r.AmbientOcclusionLevels:-1]]
[2021.02.04-09.40.31:077][  0]LogConfig: Setting CVar [[r.AmbientOcclusionRadiusScale:1.0]]
[2021.02.04-09.40.31:077][  0]LogConfig: Setting CVar [[r.DepthOfFieldQuality:2]]
[2021.02.04-09.40.31:077][  0]LogConfig: Setting CVar [[r.RenderTargetPoolMin:400]]
[2021.02.04-09.40.31:077][  0]LogConfig: Setting CVar [[r.LensFlareQuality:2]]
[2021.02.04-09.40.31:077][  0]LogConfig: Setting CVar [[r.SceneColorFringeQuality:1]]
[2021.02.04-09.40.31:077][  0]LogConfig: Setting CVar [[r.EyeAdaptationQuality:2]]
[2021.02.04-09.40.31:077][  0]LogConfig: Setting CVar [[r.BloomQuality:5]]
[2021.02.04-09.40.31:077][  0]LogConfig: Setting CVar [[r.FastBlurThreshold:100]]
[2021.02.04-09.40.31:077][  0]LogConfig: Setting CVar [[r.Upscale.Quality:3]]
[2021.02.04-09.40.31:077][  0]LogConfig: Setting CVar [[r.Tonemapper.GrainQuantization:1]]
[2021.02.04-09.40.31:077][  0]LogConfig: Setting CVar [[r.LightShaftQuality:1]]
[2021.02.04-09.40.31:077][  0]LogConfig: Setting CVar [[r.Filter.SizeScale:1]]
[2021.02.04-09.40.31:077][  0]LogConfig: Setting CVar [[r.Tonemapper.Quality:5]]
[2021.02.04-09.40.31:077][  0]LogConfig: Setting CVar [[r.DOF.Gather.AccumulatorQuality:1        ; higher gathering accumulator quality]]
[2021.02.04-09.40.31:077][  0]LogConfig: Setting CVar [[r.DOF.Gather.PostfilterMethod:1          ; Median3x3 postfilering method]]
[2021.02.04-09.40.31:077][  0]LogConfig: Setting CVar [[r.DOF.Gather.EnableBokehSettings:0       ; no bokeh simulation when gathering]]
[2021.02.04-09.40.31:077][  0]LogConfig: Setting CVar [[r.DOF.Gather.RingCount:4                 ; medium number of samples when gathering]]
[2021.02.04-09.40.31:077][  0]LogConfig: Setting CVar [[r.DOF.Scatter.ForegroundCompositing:1    ; additive foreground scattering]]
[2021.02.04-09.40.31:077][  0]LogConfig: Setting CVar [[r.DOF.Scatter.BackgroundCompositing:2    ; additive background scattering]]
[2021.02.04-09.40.31:077][  0]LogConfig: Setting CVar [[r.DOF.Scatter.EnableBokehSettings:1      ; bokeh simulation when scattering]]
[2021.02.04-09.40.31:077][  0]LogConfig: Setting CVar [[r.DOF.Scatter.MaxSpriteRatio:0.1         ; only a maximum of 10% of scattered bokeh]]
[2021.02.04-09.40.31:077][  0]LogConfig: Setting CVar [[r.DOF.Recombine.Quality:1                ; cheap slight out of focus]]
[2021.02.04-09.40.31:077][  0]LogConfig: Setting CVar [[r.DOF.Recombine.EnableBokehSettings:0    ; no bokeh simulation on slight out of focus]]
[2021.02.04-09.40.31:077][  0]LogConfig: Setting CVar [[r.DOF.TemporalAAQuality:1                ; more stable temporal accumulation]]
[2021.02.04-09.40.31:077][  0]LogConfig: Setting CVar [[r.DOF.Kernel.MaxForegroundRadius:0.025]]
[2021.02.04-09.40.31:077][  0]LogConfig: Setting CVar [[r.DOF.Kernel.MaxBackgroundRadius:0.025]]
[2021.02.04-09.40.31:077][  0]LogConfig: Applying CVar settings from Section [TextureQuality@3] File [D:/Documents/Unreal Projects/Arena/Saved/Config/Windows/Scalability.ini]
[2021.02.04-09.40.31:077][  0]LogConfig: Setting CVar [[r.Streaming.MipBias:0]]
[2021.02.04-09.40.31:077][  0]LogConfig: Setting CVar [[r.Streaming.AmortizeCPUToGPUCopy:0]]
[2021.02.04-09.40.31:077][  0]LogConfig: Setting CVar [[r.Streaming.MaxNumTexturesToStreamPerFrame:0]]
[2021.02.04-09.40.31:077][  0]LogConfig: Setting CVar [[r.Streaming.Boost:1]]
[2021.02.04-09.40.31:077][  0]LogConfig: Setting CVar [[r.MaxAnisotropy:8]]
[2021.02.04-09.40.31:077][  0]LogConfig: Setting CVar [[r.VT.MaxAnisotropy:8]]
[2021.02.04-09.40.31:077][  0]LogConfig: Setting CVar [[r.Streaming.LimitPoolSizeToVRAM:0]]
[2021.02.04-09.40.31:077][  0]LogConfig: Setting CVar [[r.Streaming.PoolSize:1000]]
[2021.02.04-09.40.31:077][  0]LogConfig: Setting CVar [[r.Streaming.MaxEffectiveScreenSize:0]]
[2021.02.04-09.40.31:077][  0]LogConfig: Applying CVar settings from Section [EffectsQuality@3] File [D:/Documents/Unreal Projects/Arena/Saved/Config/Windows/Scalability.ini]
[2021.02.04-09.40.31:077][  0]LogConfig: Setting CVar [[r.TranslucencyLightingVolumeDim:64]]
[2021.02.04-09.40.31:077][  0]LogConfig: Setting CVar [[r.RefractionQuality:2]]
[2021.02.04-09.40.31:077][  0]LogConfig: Setting CVar [[r.SSR.Quality:3]]
[2021.02.04-09.40.31:077][  0]LogConfig: Setting CVar [[r.SSR.HalfResSceneColor:0]]
[2021.02.04-09.40.31:077][  0]LogConfig: Setting CVar [[r.SceneColorFormat:4]]
[2021.02.04-09.40.31:077][  0]LogConfig: Setting CVar [[r.DetailMode:2]]
[2021.02.04-09.40.31:077][  0]LogConfig: Setting CVar [[r.TranslucencyVolumeBlur:1]]
[2021.02.04-09.40.31:077][  0]LogConfig: Setting CVar [[r.MaterialQualityLevel:1 ; High quality]]
[2021.02.04-09.40.31:077][  0]LogConfig: Setting CVar [[r.SSS.Scale:1]]
[2021.02.04-09.40.31:077][  0]LogConfig: Setting CVar [[r.SSS.SampleSet:2]]
[2021.02.04-09.40.31:077][  0]LogConfig: Setting CVar [[r.SSS.Quality:1]]
[2021.02.04-09.40.31:077][  0]LogConfig: Setting CVar [[r.SSS.HalfRes:0]]
[2021.02.04-09.40.31:077][  0]LogConfig: Setting CVar [[r.SSGI.Quality:3]]
[2021.02.04-09.40.31:077][  0]LogConfig: Setting CVar [[r.EmitterSpawnRateScale:1.0]]
[2021.02.04-09.40.31:077][  0]LogConfig: Setting CVar [[r.ParticleLightQuality:2]]
[2021.02.04-09.40.31:077][  0]LogConfig: Setting CVar [[r.SkyAtmosphere.AerialPerspectiveLUT.FastApplyOnOpaque:1 ; Always have FastSkyLUT 1 in this case to avoid wrong sky]]
[2021.02.04-09.40.31:077][  0]LogConfig: Setting CVar [[r.SkyAtmosphere.AerialPerspectiveLUT.SampleCountPerSlice:1]]
[2021.02.04-09.40.31:077][  0]LogConfig: Setting CVar [[r.SkyAtmosphere.AerialPerspectiveLUT.DepthResolution:16.0]]
[2021.02.04-09.40.31:077][  0]LogConfig: Setting CVar [[r.SkyAtmosphere.FastSkyLUT:1]]
[2021.02.04-09.40.31:077][  0]LogConfig: Setting CVar [[r.SkyAtmosphere.FastSkyLUT.SampleCountMin:4.0]]
[2021.02.04-09.40.31:077][  0]LogConfig: Setting CVar [[r.SkyAtmosphere.FastSkyLUT.SampleCountMax:32.0]]
[2021.02.04-09.40.31:077][  0]LogConfig: Setting CVar [[r.SkyAtmosphere.SampleCountMin:4.0]]
[2021.02.04-09.40.31:077][  0]LogConfig: Setting CVar [[r.SkyAtmosphere.SampleCountMax:32.0]]
[2021.02.04-09.40.31:077][  0]LogConfig: Setting CVar [[r.SkyAtmosphere.TransmittanceLUT.UseSmallFormat:0]]
[2021.02.04-09.40.31:077][  0]LogConfig: Setting CVar [[r.SkyAtmosphere.TransmittanceLUT.SampleCount:10.0]]
[2021.02.04-09.40.31:077][  0]LogConfig: Setting CVar [[r.SkyAtmosphere.MultiScatteringLUT.SampleCount:15.0]]
[2021.02.04-09.40.31:077][  0]LogConfig: Applying CVar settings from Section [FoliageQuality@3] File [D:/Documents/Unreal Projects/Arena/Saved/Config/Windows/Scalability.ini]
[2021.02.04-09.40.31:077][  0]LogConfig: Setting CVar [[foliage.DensityScale:1.0]]
[2021.02.04-09.40.31:077][  0]LogConfig: Setting CVar [[grass.DensityScale:1.0]]
[2021.02.04-09.40.31:077][  0]LogConfig: Applying CVar settings from Section [ShadingQuality@3] File [D:/Documents/Unreal Projects/Arena/Saved/Config/Windows/Scalability.ini]
[2021.02.04-09.40.31:077][  0]LogConfig: Setting CVar [[r.HairStrands.SkyLighting.SampleCount:16]]
[2021.02.04-09.40.31:077][  0]LogConfig: Setting CVar [[r.HairStrands.SkyLighting.JitterIntegration:0]]
[2021.02.04-09.40.31:077][  0]LogConfig: Setting CVar [[r.HairStrands.SkyAO.SampleCount:16]]
[2021.02.04-09.40.31:077][  0]LogConfig: Setting CVar [[r.HairStrands.DeepShadow.SuperSampling:0]]
[2021.02.04-09.40.31:077][  0]LogConfig: Setting CVar [[r.HairStrands.VisibilityPPLL:0]]
[2021.02.04-09.40.31:077][  0]LogConfig: Setting CVar [[r.HairStrands.RasterizationScale:0.5]]
[2021.02.04-09.40.31:077][  0]LogConfig: Setting CVar [[r.HairStrands.VelocityRasterizationScale:1]]
[2021.02.04-09.40.31:077][  0]LogInit: Selected Device Profile: [Windows]
[2021.02.04-09.40.31:078][  0]LogInit: Applying CVar settings loaded from the selected device profile: [Windows]
[2021.02.04-09.40.31:078][  0]LogHAL: Display: Platform has ~ 32 GB [34269937664 / 34359738368 / 32], which maps to Largest [LargestMinGB=32, LargerMinGB=12, DefaultMinGB=8, SmallerMinGB=6, SmallestMinGB=0)
[2021.02.04-09.40.31:078][  0]LogInit: Going up to parent DeviceProfile []
[2021.02.04-09.40.31:078][  0]LogConfig: Applying CVar settings from Section [ViewDistanceQuality@3] File [D:/Documents/Unreal Projects/Arena/Saved/Config/Windows/Scalability.ini]
[2021.02.04-09.40.31:078][  0]LogConfig: Setting CVar [[r.SkeletalMeshLODBias:0]]
[2021.02.04-09.40.31:078][  0]LogConfig: Setting CVar [[r.ViewDistanceScale:1.0]]
[2021.02.04-09.40.31:078][  0]LogConfig: Applying CVar settings from Section [AntiAliasingQuality@3] File [D:/Documents/Unreal Projects/Arena/Saved/Config/Windows/Scalability.ini]
[2021.02.04-09.40.31:078][  0]LogConfig: Setting CVar [[r.PostProcessAAQuality:4]]
[2021.02.04-09.40.31:078][  0]LogConfig: Applying CVar settings from Section [ShadowQuality@3] File [D:/Documents/Unreal Projects/Arena/Saved/Config/Windows/Scalability.ini]
[2021.02.04-09.40.31:078][  0]LogConfig: Setting CVar [[r.LightFunctionQuality:1]]
[2021.02.04-09.40.31:078][  0]LogConfig: Setting CVar [[r.ShadowQuality:5]]
[2021.02.04-09.40.31:078][  0]LogConfig: Setting CVar [[r.Shadow.CSM.MaxCascades:10]]
[2021.02.04-09.40.31:078][  0]LogConfig: Setting CVar [[r.Shadow.MaxResolution:2048]]
[2021.02.04-09.40.31:078][  0]LogConfig: Setting CVar [[r.Shadow.MaxCSMResolution:2048]]
[2021.02.04-09.40.31:078][  0]LogConfig: Setting CVar [[r.Shadow.RadiusThreshold:0.01]]
[2021.02.04-09.40.31:078][  0]LogConfig: Setting CVar [[r.Shadow.DistanceScale:1.0]]
[2021.02.04-09.40.31:078][  0]LogConfig: Setting CVar [[r.Shadow.CSM.TransitionScale:1.0]]
[2021.02.04-09.40.31:078][  0]LogConfig: Setting CVar [[r.Shadow.PreShadowResolutionFactor:1.0]]
[2021.02.04-09.40.31:078][  0]LogConfig: Setting CVar [[r.DistanceFieldShadowing:1]]
[2021.02.04-09.40.31:078][  0]LogConfig: Setting CVar [[r.DistanceFieldAO:1]]
[2021.02.04-09.40.31:078][  0]LogConfig: Setting CVar [[r.AOQuality:2]]
[2021.02.04-09.40.31:078][  0]LogConfig: Setting CVar [[r.VolumetricFog:1]]
[2021.02.04-09.40.31:078][  0]LogConfig: Setting CVar [[r.VolumetricFog.GridPixelSize:8]]
[2021.02.04-09.40.31:078][  0]LogConfig: Setting CVar [[r.VolumetricFog.GridSizeZ:128]]
[2021.02.04-09.40.31:078][  0]LogConfig: Setting CVar [[r.VolumetricFog.HistoryMissSupersampleCount:4]]
[2021.02.04-09.40.31:078][  0]LogConfig: Setting CVar [[r.LightMaxDrawDistanceScale:1]]
[2021.02.04-09.40.31:078][  0]LogConfig: Setting CVar [[r.CapsuleShadows:1]]
[2021.02.04-09.40.31:078][  0]LogConfig: Applying CVar settings from Section [PostProcessQuality@3] File [D:/Documents/Unreal Projects/Arena/Saved/Config/Windows/Scalability.ini]
[2021.02.04-09.40.31:078][  0]LogConfig: Setting CVar [[r.MotionBlurQuality:4]]
[2021.02.04-09.40.31:078][  0]LogConfig: Setting CVar [[r.AmbientOcclusionMipLevelFactor:0.4]]
[2021.02.04-09.40.31:078][  0]LogConfig: Setting CVar [[r.AmbientOcclusionMaxQuality:100]]
[2021.02.04-09.40.31:078][  0]LogConfig: Setting CVar [[r.AmbientOcclusionLevels:-1]]
[2021.02.04-09.40.31:078][  0]LogConfig: Setting CVar [[r.AmbientOcclusionRadiusScale:1.0]]
[2021.02.04-09.40.31:078][  0]LogConfig: Setting CVar [[r.DepthOfFieldQuality:2]]
[2021.02.04-09.40.31:078][  0]LogConfig: Setting CVar [[r.RenderTargetPoolMin:400]]
[2021.02.04-09.40.31:078][  0]LogConfig: Setting CVar [[r.LensFlareQuality:2]]
[2021.02.04-09.40.31:078][  0]LogConfig: Setting CVar [[r.SceneColorFringeQuality:1]]
[2021.02.04-09.40.31:078][  0]LogConfig: Setting CVar [[r.EyeAdaptationQuality:2]]
[2021.02.04-09.40.31:078][  0]LogConfig: Setting CVar [[r.BloomQuality:5]]
[2021.02.04-09.40.31:078][  0]LogConfig: Setting CVar [[r.FastBlurThreshold:100]]
[2021.02.04-09.40.31:078][  0]LogConfig: Setting CVar [[r.Upscale.Quality:3]]
[2021.02.04-09.40.31:078][  0]LogConfig: Setting CVar [[r.Tonemapper.GrainQuantization:1]]
[2021.02.04-09.40.31:078][  0]LogConfig: Setting CVar [[r.LightShaftQuality:1]]
[2021.02.04-09.40.31:078][  0]LogConfig: Setting CVar [[r.Filter.SizeScale:1]]
[2021.02.04-09.40.31:078][  0]LogConfig: Setting CVar [[r.Tonemapper.Quality:5]]
[2021.02.04-09.40.31:078][  0]LogConfig: Setting CVar [[r.DOF.Gather.AccumulatorQuality:1        ; higher gathering accumulator quality]]
[2021.02.04-09.40.31:078][  0]LogConfig: Setting CVar [[r.DOF.Gather.PostfilterMethod:1          ; Median3x3 postfilering method]]
[2021.02.04-09.40.31:078][  0]LogConfig: Setting CVar [[r.DOF.Gather.EnableBokehSettings:0       ; no bokeh simulation when gathering]]
[2021.02.04-09.40.31:078][  0]LogConfig: Setting CVar [[r.DOF.Gather.RingCount:4                 ; medium number of samples when gathering]]
[2021.02.04-09.40.31:078][  0]LogConfig: Setting CVar [[r.DOF.Scatter.ForegroundCompositing:1    ; additive foreground scattering]]
[2021.02.04-09.40.31:078][  0]LogConfig: Setting CVar [[r.DOF.Scatter.BackgroundCompositing:2    ; additive background scattering]]
[2021.02.04-09.40.31:078][  0]LogConfig: Setting CVar [[r.DOF.Scatter.EnableBokehSettings:1      ; bokeh simulation when scattering]]
[2021.02.04-09.40.31:078][  0]LogConfig: Setting CVar [[r.DOF.Scatter.MaxSpriteRatio:0.1         ; only a maximum of 10% of scattered bokeh]]
[2021.02.04-09.40.31:078][  0]LogConfig: Setting CVar [[r.DOF.Recombine.Quality:1                ; cheap slight out of focus]]
[2021.02.04-09.40.31:078][  0]LogConfig: Setting CVar [[r.DOF.Recombine.EnableBokehSettings:0    ; no bokeh simulation on slight out of focus]]
[2021.02.04-09.40.31:078][  0]LogConfig: Setting CVar [[r.DOF.TemporalAAQuality:1                ; more stable temporal accumulation]]
[2021.02.04-09.40.31:078][  0]LogConfig: Setting CVar [[r.DOF.Kernel.MaxForegroundRadius:0.025]]
[2021.02.04-09.40.31:078][  0]LogConfig: Setting CVar [[r.DOF.Kernel.MaxBackgroundRadius:0.025]]
[2021.02.04-09.40.31:078][  0]LogConfig: Applying CVar settings from Section [TextureQuality@3] File [D:/Documents/Unreal Projects/Arena/Saved/Config/Windows/Scalability.ini]
[2021.02.04-09.40.31:078][  0]LogConfig: Setting CVar [[r.Streaming.MipBias:0]]
[2021.02.04-09.40.31:078][  0]LogConfig: Setting CVar [[r.Streaming.AmortizeCPUToGPUCopy:0]]
[2021.02.04-09.40.31:078][  0]LogConfig: Setting CVar [[r.Streaming.MaxNumTexturesToStreamPerFrame:0]]
[2021.02.04-09.40.31:078][  0]LogConfig: Setting CVar [[r.Streaming.Boost:1]]
[2021.02.04-09.40.31:078][  0]LogConfig: Setting CVar [[r.MaxAnisotropy:8]]
[2021.02.04-09.40.31:078][  0]LogConfig: Setting CVar [[r.VT.MaxAnisotropy:8]]
[2021.02.04-09.40.31:078][  0]LogConfig: Setting CVar [[r.Streaming.LimitPoolSizeToVRAM:0]]
[2021.02.04-09.40.31:078][  0]LogConfig: Setting CVar [[r.Streaming.PoolSize:1000]]
[2021.02.04-09.40.31:078][  0]LogConfig: Setting CVar [[r.Streaming.MaxEffectiveScreenSize:0]]
[2021.02.04-09.40.31:078][  0]LogConfig: Applying CVar settings from Section [EffectsQuality@3] File [D:/Documents/Unreal Projects/Arena/Saved/Config/Windows/Scalability.ini]
[2021.02.04-09.40.31:078][  0]LogConfig: Setting CVar [[r.TranslucencyLightingVolumeDim:64]]
[2021.02.04-09.40.31:078][  0]LogConfig: Setting CVar [[r.RefractionQuality:2]]
[2021.02.04-09.40.31:078][  0]LogConfig: Setting CVar [[r.SSR.Quality:3]]
[2021.02.04-09.40.31:078][  0]LogConfig: Setting CVar [[r.SSR.HalfResSceneColor:0]]
[2021.02.04-09.40.31:078][  0]LogConfig: Setting CVar [[r.SceneColorFormat:4]]
[2021.02.04-09.40.31:078][  0]LogConfig: Setting CVar [[r.DetailMode:2]]
[2021.02.04-09.40.31:078][  0]LogConfig: Setting CVar [[r.TranslucencyVolumeBlur:1]]
[2021.02.04-09.40.31:078][  0]LogConfig: Setting CVar [[r.MaterialQualityLevel:1 ; High quality]]
[2021.02.04-09.40.31:078][  0]LogConfig: Setting CVar [[r.SSS.Scale:1]]
[2021.02.04-09.40.31:078][  0]LogConfig: Setting CVar [[r.SSS.SampleSet:2]]
[2021.02.04-09.40.31:078][  0]LogConfig: Setting CVar [[r.SSS.Quality:1]]
[2021.02.04-09.40.31:078][  0]LogConfig: Setting CVar [[r.SSS.HalfRes:0]]
[2021.02.04-09.40.31:078][  0]LogConfig: Setting CVar [[r.SSGI.Quality:3]]
[2021.02.04-09.40.31:078][  0]LogConfig: Setting CVar [[r.EmitterSpawnRateScale:1.0]]
[2021.02.04-09.40.31:078][  0]LogConfig: Setting CVar [[r.ParticleLightQuality:2]]
[2021.02.04-09.40.31:078][  0]LogConfig: Setting CVar [[r.SkyAtmosphere.AerialPerspectiveLUT.FastApplyOnOpaque:1 ; Always have FastSkyLUT 1 in this case to avoid wrong sky]]
[2021.02.04-09.40.31:078][  0]LogConfig: Setting CVar [[r.SkyAtmosphere.AerialPerspectiveLUT.SampleCountPerSlice:1]]
[2021.02.04-09.40.31:078][  0]LogConfig: Setting CVar [[r.SkyAtmosphere.AerialPerspectiveLUT.DepthResolution:16.0]]
[2021.02.04-09.40.31:078][  0]LogConfig: Setting CVar [[r.SkyAtmosphere.FastSkyLUT:1]]
[2021.02.04-09.40.31:078][  0]LogConfig: Setting CVar [[r.SkyAtmosphere.FastSkyLUT.SampleCountMin:4.0]]
[2021.02.04-09.40.31:078][  0]LogConfig: Setting CVar [[r.SkyAtmosphere.FastSkyLUT.SampleCountMax:32.0]]
[2021.02.04-09.40.31:078][  0]LogConfig: Setting CVar [[r.SkyAtmosphere.SampleCountMin:4.0]]
[2021.02.04-09.40.31:078][  0]LogConfig: Setting CVar [[r.SkyAtmosphere.SampleCountMax:32.0]]
[2021.02.04-09.40.31:078][  0]LogConfig: Setting CVar [[r.SkyAtmosphere.TransmittanceLUT.UseSmallFormat:0]]
[2021.02.04-09.40.31:078][  0]LogConfig: Setting CVar [[r.SkyAtmosphere.TransmittanceLUT.SampleCount:10.0]]
[2021.02.04-09.40.31:078][  0]LogConfig: Setting CVar [[r.SkyAtmosphere.MultiScatteringLUT.SampleCount:15.0]]
[2021.02.04-09.40.31:078][  0]LogConfig: Applying CVar settings from Section [FoliageQuality@3] File [D:/Documents/Unreal Projects/Arena/Saved/Config/Windows/Scalability.ini]
[2021.02.04-09.40.31:079][  0]LogConfig: Setting CVar [[foliage.DensityScale:1.0]]
[2021.02.04-09.40.31:079][  0]LogConfig: Setting CVar [[grass.DensityScale:1.0]]
[2021.02.04-09.40.31:079][  0]LogConfig: Applying CVar settings from Section [ShadingQuality@3] File [D:/Documents/Unreal Projects/Arena/Saved/Config/Windows/Scalability.ini]
[2021.02.04-09.40.31:079][  0]LogConfig: Setting CVar [[r.HairStrands.SkyLighting.SampleCount:16]]
[2021.02.04-09.40.31:079][  0]LogConfig: Setting CVar [[r.HairStrands.SkyLighting.JitterIntegration:0]]
[2021.02.04-09.40.31:079][  0]LogConfig: Setting CVar [[r.HairStrands.SkyAO.SampleCount:16]]
[2021.02.04-09.40.31:079][  0]LogConfig: Setting CVar [[r.HairStrands.DeepShadow.SuperSampling:0]]
[2021.02.04-09.40.31:079][  0]LogConfig: Setting CVar [[r.HairStrands.VisibilityPPLL:0]]
[2021.02.04-09.40.31:079][  0]LogConfig: Setting CVar [[r.HairStrands.RasterizationScale:0.5]]
[2021.02.04-09.40.31:079][  0]LogConfig: Setting CVar [[r.HairStrands.VelocityRasterizationScale:1]]
[2021.02.04-09.40.31:079][  0]LogConfig: Applying CVar settings from Section [Startup] File [../../../Engine/Config/ConsoleVariables.ini]
[2021.02.04-09.40.31:079][  0]LogConfig: Setting CVar [[net.UseAdaptiveNetUpdateFrequency:0]]
[2021.02.04-09.40.31:079][  0]LogConfig: Setting CVar [[p.chaos.AllowCreatePhysxBodies:1]]
[2021.02.04-09.40.31:079][  0]LogConfig: Setting CVar [[fx.SkipVectorVMBackendOptimizations:1]]
[2021.02.04-09.40.31:079][  0]LogConfig: Applying CVar settings from Section [ConsoleVariables] File [D:/Documents/Unreal Projects/Arena/Saved/Config/Windows/Engine.ini]
[2021.02.04-09.40.31:079][  0]LogInit: Computer: DESKTOP-L6BC56T
[2021.02.04-09.40.31:079][  0]LogInit: User: syky7
[2021.02.04-09.40.31:079][  0]LogInit: CPU Page size=4096, Cores=8
[2021.02.04-09.40.31:079][  0]LogInit: High frequency timer resolution =10.000000 MHz
[2021.02.04-09.40.31:079][  0]LogMemory: Memory total: Physical=31.9GB (32GB approx)
[2021.02.04-09.40.31:079][  0]LogMemory: Platform Memory Stats for Windows
[2021.02.04-09.40.31:079][  0]LogMemory: Process Physical Memory: 117.88 MB used, 117.89 MB peak
[2021.02.04-09.40.31:079][  0]LogMemory: Process Virtual Memory: 106.39 MB used, 106.39 MB peak
[2021.02.04-09.40.31:079][  0]LogMemory: Physical Memory: 10905.75 MB used,  21776.61 MB free, 32682.36 MB total
[2021.02.04-09.40.31:079][  0]LogMemory: Virtual Memory: 5194.89 MB used,  134212536.00 MB free, 134217728.00 MB total
[2021.02.04-09.40.31:084][  0]LogWindows: WindowsPlatformFeatures enabled
[2021.02.04-09.40.31:109][  0]LogInit: Physics initialised using underlying interface: PhysX
[2021.02.04-09.40.31:109][  0]LogInit: Using OS detected language (en-GB).
[2021.02.04-09.40.31:110][  0]LogInit: Using OS detected locale (en-GB).
[2021.02.04-09.40.31:111][  0]LogTextLocalizationManager: No specific localization for 'en-GB' exists, so the 'en' localization will be used.
[2021.02.04-09.40.31:251][  0]LogInit: Setting process to per monitor DPI aware
[2021.02.04-09.40.31:293][  0]LogSlate: New Slate User Created.  User Index 0, Is Virtual User: 0
[2021.02.04-09.40.31:293][  0]LogSlate: Slate User Registered.  User Index 0, Is Virtual User: 0
[2021.02.04-09.40.31:490][  0]LogHMD: Failed to initialize OpenVR with code 110
[2021.02.04-09.40.31:490][  0]LogD3D11RHI: D3D11 min allowed feature level: 11_0
[2021.02.04-09.40.31:490][  0]LogD3D11RHI: D3D11 max allowed feature level: 11_0
[2021.02.04-09.40.31:490][  0]LogD3D11RHI: D3D11 adapters:
[2021.02.04-09.40.31:525][  0]LogD3D11RHI:    0. 'Radeon RX 570 Series' (Feature Level 11_0)
[2021.02.04-09.40.31:525][  0]LogD3D11RHI:       8171/0/16341 MB DedicatedVideo/DedicatedSystem/SharedSystem, Outputs:3, VendorId:0x1002
[2021.02.04-09.40.31:527][  0]LogD3D11RHI:    1. 'Microsoft Basic Render Driver' (Feature Level 11_0)
[2021.02.04-09.40.31:527][  0]LogD3D11RHI:       0/0/16341 MB DedicatedVideo/DedicatedSystem/SharedSystem, Outputs:0, VendorId:0x1414
[2021.02.04-09.40.31:527][  0]LogD3D11RHI: Chosen D3D11 Adapter: 0
[2021.02.04-09.40.31:536][  0]LogD3D11RHI: Creating new Direct3DDevice
[2021.02.04-09.40.31:536][  0]LogD3D11RHI:     GPU DeviceId: 0x67df (for the marketing name, search the web for "GPU Device Id")
[2021.02.04-09.40.31:536][  0]LogWindows: EnumDisplayDevices:
[2021.02.04-09.40.31:536][  0]LogWindows:    0. 'Radeon RX 570 Series' (P:1 D:1)
[2021.02.04-09.40.31:537][  0]LogWindows:    1. 'Radeon RX 570 Series' (P:0 D:1)
[2021.02.04-09.40.31:537][  0]LogWindows:    2. 'Radeon RX 570 Series' (P:0 D:1)
[2021.02.04-09.40.31:537][  0]LogWindows:    3. 'Radeon RX 570 Series' (P:0 D:0)
[2021.02.04-09.40.31:537][  0]LogWindows:    4. 'Radeon RX 570 Series' (P:0 D:0)
[2021.02.04-09.40.31:537][  0]LogWindows:    5. 'Radeon RX 570 Series' (P:0 D:0)
[2021.02.04-09.40.31:538][  0]LogWindows:    6. 'Radeon RX 570 Series' (P:0 D:0)
[2021.02.04-09.40.31:538][  0]LogWindows:    7. 'Radeon RX 570 Series' (P:0 D:0)
[2021.02.04-09.40.31:538][  0]LogWindows: DebugString: FoundDriverCount:8 
[2021.02.04-09.40.31:538][  0]LogD3D11RHI:     Adapter Name: Radeon RX 570 Series
[2021.02.04-09.40.31:538][  0]LogD3D11RHI:   Driver Version: Adrenalin 20.10.35.02 (internal:27.20.1034.6, unified:27.20.1034.6)
[2021.02.04-09.40.31:538][  0]LogD3D11RHI:      Driver Date: 8-21-2020
[2021.02.04-09.40.31:538][  0]LogRHI: Texture pool is 5182 MB (70% of 7403 MB)
[2021.02.04-09.40.31:620][  0]LogD3D11RHI: RHI has support for 64 bit atomics
[2021.02.04-09.40.31:620][  0]LogD3D11RHI: Async texture creation enabled
[2021.02.04-09.40.31:620][  0]LogD3D11RHI: Array index from any shader is supported
[2021.02.04-09.40.31:621][  0]LogD3D11RHI: HDR output is supported on display 2 (AMD Device: 0x0, Display: 0x2).
[2021.02.04-09.40.31:631][  0]LogD3D11RHI: GPU Timing Frequency: 25.000000 (Debug: 2 1)
[2021.02.04-09.40.31:855][  0]LogTargetPlatformManager: Display: Loaded TargetPlatform 'AllDesktop'
[2021.02.04-09.40.31:874][  0]LogTargetPlatformManager: Display: Loaded TargetPlatform 'Android'
[2021.02.04-09.40.31:874][  0]LogTargetPlatformManager: Display: Loaded TargetPlatform 'Android_ASTC'
[2021.02.04-09.40.31:874][  0]LogTargetPlatformManager: Display: Loaded TargetPlatform 'Android_DXT'
[2021.02.04-09.40.31:874][  0]LogTargetPlatformManager: Display: Loaded TargetPlatform 'Android_ETC2'
[2021.02.04-09.40.31:874][  0]LogTargetPlatformManager: Display: Loaded TargetPlatform 'AndroidClient'
[2021.02.04-09.40.31:874][  0]LogTargetPlatformManager: Display: Loaded TargetPlatform 'Android_ASTCClient'
[2021.02.04-09.40.31:874][  0]LogTargetPlatformManager: Display: Loaded TargetPlatform 'Android_DXTClient'
[2021.02.04-09.40.31:874][  0]LogTargetPlatformManager: Display: Loaded TargetPlatform 'Android_ETC2Client'
[2021.02.04-09.40.31:874][  0]LogTargetPlatformManager: Display: Loaded TargetPlatform 'Android_Multi'
[2021.02.04-09.40.31:874][  0]LogTargetPlatformManager: Display: Loaded TargetPlatform 'Android_MultiClient'
[2021.02.04-09.40.31:896][  0]LogTargetPlatformManager: Display: Loaded TargetPlatform 'IOSClient'
[2021.02.04-09.40.31:896][  0]LogTargetPlatformManager: Display: Loaded TargetPlatform 'IOS'
[2021.02.04-09.40.31:905][  0]LogTargetPlatformManager: Display: Loaded TargetPlatform 'Linux'
[2021.02.04-09.40.31:913][  0]LogTargetPlatformManager: Display: Loaded TargetPlatform 'LinuxNoEditor'
[2021.02.04-09.40.31:921][  0]LogTargetPlatformManager: Display: Loaded TargetPlatform 'LinuxClient'
[2021.02.04-09.40.31:929][  0]LogTargetPlatformManager: Display: Loaded TargetPlatform 'LinuxServer'
[2021.02.04-09.40.31:937][  0]LogTargetPlatformManager: Display: Loaded TargetPlatform 'LinuxAArch64NoEditor'
[2021.02.04-09.40.31:945][  0]LogTargetPlatformManager: Display: Loaded TargetPlatform 'LinuxAArch64Client'
[2021.02.04-09.40.31:953][  0]LogTargetPlatformManager: Display: Loaded TargetPlatform 'LinuxAArch64Server'
[2021.02.04-09.40.31:974][  0]LogTargetPlatformManager: Display: Loaded TargetPlatform 'Lumin'
[2021.02.04-09.40.31:974][  0]LogTargetPlatformManager: Display: Loaded TargetPlatform 'LuminClient'
[2021.02.04-09.40.31:988][  0]LogTargetPlatformManager: Display: Loaded TargetPlatform 'TVOSClient'
[2021.02.04-09.40.31:988][  0]LogTargetPlatformManager: Display: Loaded TargetPlatform 'TVOS'
[2021.02.04-09.40.31:996][  0]LogTargetPlatformManager: Display: Loaded TargetPlatform 'WindowsNoEditor'
[2021.02.04-09.40.32:004][  0]LogTargetPlatformManager: Display: Loaded TargetPlatform 'Windows'
[2021.02.04-09.40.32:012][  0]LogTargetPlatformManager: Display: Loaded TargetPlatform 'WindowsClient'
[2021.02.04-09.40.32:019][  0]LogTargetPlatformManager: Display: Loaded TargetPlatform 'WindowsServer'
[2021.02.04-09.40.32:020][  0]LogTargetPlatformManager: Display: Building Assets For Windows
[2021.02.04-09.40.32:027][  0]LogAudioDebug: Display: Lib vorbis DLL was dynamically loaded.
[2021.02.04-09.40.32:075][  0]LogShaderCompilers: Guid format shader working directory is -1 characters bigger than the processId version (../../../../../Documents/Unreal Projects/Arena/Intermediate/Shaders/WorkingDirectory/20016/).
[2021.02.04-09.40.32:075][  0]LogShaderCompilers: Cleaned the shader compiler working directory 'C:/Users/syky7/AppData/Local/Temp/UnrealShaderWorkingDir/56EE3E7547E092087AF5D498C04EB99B/'.
[2021.02.04-09.40.32:075][  0]LogXGEController: Cannot use XGE Controller as Incredibuild is not installed on this machine.
[2021.02.04-09.40.32:075][  0]LogShaderCompilers: Cannot use XGE Shader Compiler as Incredibuild is not installed on this machine.
[2021.02.04-09.40.32:075][  0]LogShaderCompilers: Display: Using Local Shader Compiler.
[2021.02.04-09.40.32:737][  0]LogDerivedDataCache: Display: Max Cache Size: 512 MB
[2021.02.04-09.40.32:777][  0]LogDerivedDataCache: Loaded boot cache 0.04s 82MB C:/Users/syky7/AppData/Local/UnrealEngine/4.25/DerivedDataCache/Boot.ddc.
[2021.02.04-09.40.32:777][  0]LogDerivedDataCache: Display: Loaded Boot cache: C:/Users/syky7/AppData/Local/UnrealEngine/4.25/DerivedDataCache/Boot.ddc
[2021.02.04-09.40.32:778][  0]LogDerivedDataCache: FDerivedDataBackendGraph:  Pak pak cache file ../../../../../Documents/Unreal Projects/Arena/DerivedDataCache/DDC.ddp not found, will not use a pak cache.
[2021.02.04-09.40.32:778][  0]LogDerivedDataCache: Unable to find inner node Pak for hierarchical cache Hierarchy.
[2021.02.04-09.40.32:778][  0]LogDerivedDataCache: FDerivedDataBackendGraph:  CompressedPak pak cache file ../../../../../Documents/Unreal Projects/Arena/DerivedDataCache/Compressed.ddp not found, will not use a pak cache.
[2021.02.04-09.40.32:778][  0]LogDerivedDataCache: Unable to find inner node CompressedPak for hierarchical cache Hierarchy.
[2021.02.04-09.40.32:787][  0]LogDerivedDataCache: Display: Pak cache opened for reading ../../../Engine/DerivedDataCache/Compressed.ddp.
[2021.02.04-09.40.32:787][  0]LogDerivedDataCache: FDerivedDataBackendGraph:  EnterprisePak pak cache file ../../../Enterprise/DerivedDataCache/Compressed.ddp not found, will not use a pak cache.
[2021.02.04-09.40.32:787][  0]LogDerivedDataCache: Unable to find inner node EnterprisePak for hierarchical cache Hierarchy.
[2021.02.04-09.40.32:789][  0]LogDerivedDataCache: Using Local data cache path C:/Users/syky7/AppData/Local/UnrealEngine/Common/DerivedDataCache: Writable
[2021.02.04-09.40.32:789][  0]LogDerivedDataCache: Shared data cache path not found in *engine.ini, will not use an Shared cache.
[2021.02.04-09.40.32:789][  0]LogDerivedDataCache: Unable to find inner node Shared for hierarchical cache Hierarchy.
[2021.02.04-09.40.32:830][  0]LogSlate: Using FreeType 2.10.0
[2021.02.04-09.40.32:830][  0]LogSlate: SlateFontServices - WITH_FREETYPE: 1, WITH_HARFBUZZ: 1
[2021.02.04-09.40.32:849][  0]LogAssetRegistry: FAssetRegistry took 0.0024 seconds to start up
[2021.02.04-09.40.33:082][  0]LogInit: Selected Device Profile: [Windows]
[2021.02.04-09.40.33:174][  0]LogMeshReduction: Using QuadricMeshReduction for automatic static mesh reduction
[2021.02.04-09.40.33:174][  0]LogMeshReduction: Using SimplygonMeshReduction for automatic skeletal mesh reduction
[2021.02.04-09.40.33:174][  0]LogMeshReduction: Using ProxyLODMeshReduction for automatic mesh merging
[2021.02.04-09.40.33:174][  0]LogMeshReduction: No distributed automatic mesh merging module available
[2021.02.04-09.40.33:174][  0]LogMeshMerging: No distributed automatic mesh merging module available
[2021.02.04-09.40.33:200][  0]LogNetVersion: Arena 1.0.0, NetCL: 13144385, EngineNetVer: 14, GameNetVer: 0 (Checksum: 1032223068)
[2021.02.04-09.40.33:519][  0]LogAISub: UAISubsystem::UAISubsystem AISubsystem (0000020B55B35BC0), frame # 0
[2021.02.04-09.40.33:519][  0]LogAISub: UAISubsystem::UAISubsystem AIPerceptionSystem (0000020B55A6FC40), frame # 0
[2021.02.04-09.40.33:520][  0]LogAISub: UAISubsystem::UAISubsystem EnvQueryManager (0000020B55AF1E00), frame # 0
[2021.02.04-09.40.33:571][  0]LogPackageLocalizationCache: Processed 19 localized package path(s) for 1 prioritized culture(s) in 0.045842 seconds
[2021.02.04-09.40.33:577][  0]LogUObjectArray: 15917 objects as part of root set at end of initial load.
[2021.02.04-09.40.33:577][  0]LogUObjectAllocator: 3965568 out of 0 bytes used by permanent object pool.
[2021.02.04-09.40.33:577][  0]LogUObjectArray: CloseDisregardForGC: 0/0 objects in disregard for GC pool
[2021.02.04-09.40.34:261][  0]LogTcpMessaging: Initializing TcpMessaging bridge
[2021.02.04-09.40.34:266][  0]LogUdpMessaging: Initializing bridge on interface 0.0.0.0:0 to multicast group 230.0.0.1:6666.
[2021.02.04-09.40.35:600][  0]SourceControl: Source control is disabled
[2021.02.04-09.40.35:600][  0]SourceControl: Source control is disabled
[2021.02.04-09.40.35:603][  0]SourceControl: Source control is disabled
[2021.02.04-09.40.35:605][  0]SourceControl: Source control is disabled
[2021.02.04-09.40.35:611][  0]SourceControl: Source control is disabled
[2021.02.04-09.40.35:893][  0]LogAndroidPermission: UAndroidPermissionCallbackProxy::GetInstance
[2021.02.04-09.40.35:910][  0]LogAudioCaptureCore: Display: No Audio Capture implementations found. Audio input will be silent.
[2021.02.04-09.40.35:910][  0]LogAudioCaptureCore: Display: No Audio Capture implementations found. Audio input will be silent.
[2021.02.04-09.40.35:950][  0]LogOcInput: OculusInput pre-init called
[2021.02.04-09.40.35:959][  0]LogWindows: Failed to load 'OVRPlugin.dll' (GetLastError=126)
[2021.02.04-09.40.35:959][  0]LogWindows: File 'OVRPlugin.dll' does not exist
[2021.02.04-09.40.36:026][  0]LogEngine: Initializing Engine...
[2021.02.04-09.40.36:026][  0]LogHMD: Failed to initialize OpenVR with code 110
[2021.02.04-09.40.36:026][  0]LogMagicLeap: Warning: VR disabled because ZI is not enabled.  To enable, in the editor, Edit -> Project Settings -> Plugins -> Magic Leap Plugin -> Enable Zero Iteration
[2021.02.04-09.40.36:027][  0]LogStats: UGameplayTagsManager::InitializeManager -  0.000 s
[2021.02.04-09.40.36:119][  0]LogInit: Initializing FReadOnlyCVARCache
[2021.02.04-09.40.36:126][  0]LogAIModule: Creating AISystem for world Untitled
[2021.02.04-09.40.36:126][  0]LogAISub: UAISubsystem::UAISubsystem EnvQueryManager (0000020B61541600), frame # 0
[2021.02.04-09.40.36:126][  0]LogAISub: UAISubsystem::UAISubsystem AIPerceptionSystem (0000020B6154B240), frame # 0
[2021.02.04-09.40.36:137][  0]LogAudioMixer: Display: Audio Mixer Platform Settings:
[2021.02.04-09.40.36:137][  0]LogAudioMixer: Display: 	Sample Rate:						  48000
[2021.02.04-09.40.36:137][  0]LogAudioMixer: Display: 	Callback Buffer Frame Size Requested: 1024
[2021.02.04-09.40.36:137][  0]LogAudioMixer: Display: 	Callback Buffer Frame Size To Use:	  1024
[2021.02.04-09.40.36:137][  0]LogAudioMixer: Display: 	Number of buffers to queue:			  2
[2021.02.04-09.40.36:137][  0]LogAudioMixer: Display: 	Max Channels (voices):				  32
[2021.02.04-09.40.36:137][  0]LogAudioMixer: Display: 	Number of Async Source Workers:		  0
[2021.02.04-09.40.36:137][  0]LogAudio: Display: AudioDevice MaxSources: 32
[2021.02.04-09.40.36:137][  0]LogAudio: Display: Using built-in audio occlusion.
[2021.02.04-09.40.36:137][  0]LogAudioMixer: Display: Initializing audio mixer.
[2021.02.04-09.40.36:147][  0]LogAudioMixer: Warning: Did not find the channel type flags for audio device 'Headset (WH-XB900N Hands-Free AG Audio)'. Reverting to a default channel ordering.
[2021.02.04-09.40.36:147][  0]LogAudioMixer: Display: 0: FrontLeft
[2021.02.04-09.40.36:147][  0]LogAudioMixer: Display: 1: FrontRight
[2021.02.04-09.40.36:171][  0]LogAudioMixer: Display: Using Audio Device Headset (WH-XB900N Hands-Free AG Audio)
[2021.02.04-09.40.36:172][  0]LogAudioMixer: Display: Initializing Sound Submixes...
[2021.02.04-09.40.36:174][  0]LogAudioMixer: Display: Creating Master Submix 'MasterSubmixDefault'
[2021.02.04-09.40.36:174][  0]LogAudioMixer: Display: Creating Master Submix 'MasterReverbSubmixDefault'
[2021.02.04-09.40.36:175][  0]LogAudioMixer: Display: Creating Master Submix 'MasterEQSubmixDefault'
[2021.02.04-09.40.36:175][  0]LogInit: FAudioDevice initialized.
[2021.02.04-09.40.36:175][  0]LogNetVersion: Set ProjectVersion to 1.0.0.0. Version Checksum will be recalculated on next use.
[2021.02.04-09.40.36:293][  0]LogDerivedDataCache: Saved boot cache 0.12s 82MB C:/Users/syky7/AppData/Local/UnrealEngine/4.25/DerivedDataCache/Boot.ddc.
[2021.02.04-09.40.36:295][  0]LogInit: Texture streaming: Enabled
[2021.02.04-09.40.36:309][  0]LogEngineSessionManager: EngineSessionManager initialized
[2021.02.04-09.40.36:309][  0]LogEditorSessionSummary: Verbose: Initializing EditorSessionSummaryWriter for editor session tracking
[2021.02.04-09.40.36:312][  0]LogEditorSessionSummary: EditorSessionSummaryWriter initialized
[2021.02.04-09.40.36:365][  0]LogInit: Transaction tracking system initialized
[2021.02.04-09.40.36:384][  0]BlueprintLog: New page: Editor Load
[2021.02.04-09.40.36:445][  0]LocalizationService: Localization service is disabled
[2021.02.04-09.40.36:583][  0]LogCook: Display: Max memory allowance for cook 16384mb min free memory 0mb
[2021.02.04-09.40.36:583][  0]LogCook: Display: Mobile HDR setting 1
[2021.02.04-09.40.36:705][  0]LogFileCache: Scanning file cache for directory 'D:/Documents/Unreal Projects/Arena/Content/' took 0.01s
[2021.02.04-09.40.36:852][  0]SourceControl: Source control is disabled
[2021.02.04-09.40.36:852][  0]LogUnrealEdMisc: Loading editor; pre map load, took 7.724
[2021.02.04-09.40.36:852][  0]Cmd: MAP LOAD FILE="../../../../../Documents/Unreal Projects/Arena/Content/ThirdPersonCPP/Maps/ThirdPersonExampleMap.umap" TEMPLATE=0 SHOWPROGRESS=1 FEATURELEVEL=3
[2021.02.04-09.40.36:852][  0]LightingResults: New page: Lighting Build
[2021.02.04-09.40.36:853][  0]LogWorld: UWorld::CleanupWorld for Untitled, bSessionEnded=true, bCleanupResources=true
[2021.02.04-09.40.36:853][  0]LogSlate: InvalidateAllWidgets triggered.  All widgets were invalidated
[2021.02.04-09.40.36:853][  0]MapCheck: New page: Map Check
[2021.02.04-09.40.36:853][  0]LightingResults: New page: Lighting Build
[2021.02.04-09.40.36:875][  0]LogAISub: UAISubsystem::~UAISubsystem EnvQueryManager (0000020B61541600), frame # 0
[2021.02.04-09.40.36:875][  0]LogAISub: UAISubsystem::~UAISubsystem AIPerceptionSystem (0000020B6154B240), frame # 0
[2021.02.04-09.40.36:876][  0]LogUObjectHash: Compacting FUObjectHashTables data took   0.83ms
[2021.02.04-09.40.37:535][  0]LogAIModule: Creating AISystem for world ThirdPersonExampleMap
[2021.02.04-09.40.37:535][  0]LogAISub: UAISubsystem::UAISubsystem EnvQueryManager (0000020B47530A00), frame # 0
[2021.02.04-09.40.37:535][  0]LogAISub: UAISubsystem::UAISubsystem AIPerceptionSystem (0000020B6152E5C0), frame # 0
[2021.02.04-09.40.37:540][  0]LogEditorServer: Finished looking for orphan Actors (0.000 secs)
[2021.02.04-09.40.37:561][  0]LogUObjectHash: Compacting FUObjectHashTables data took   0.71ms
[2021.02.04-09.40.37:562][  0]Cmd: MAP CHECKDEP NOCLEARLOG
[2021.02.04-09.40.37:562][  0]MapCheck: Map check complete: 0 Error(s), 0 Warning(s), took 0.112ms to complete.
[2021.02.04-09.40.37:562][  0]LogFileHelpers: Loading map 'ThirdPersonExampleMap' took 0.710
[2021.02.04-09.40.37:564][  0]LogUnrealEdMisc: Total Editor Startup Time, took 8.436
[2021.02.04-09.40.37:851][  0]LogSlate: Updating window title bar state: overlay mode, drag disabled, window buttons hidden, title bar hidden
[2021.02.04-09.40.37:857][  0]LogSlate: Updating window title bar state: overlay mode, drag disabled, window buttons hidden, title bar hidden
[2021.02.04-09.40.37:863][  0]LogSlate: Updating window title bar state: overlay mode, drag disabled, window buttons hidden, title bar hidden
[2021.02.04-09.40.37:869][  0]LogSlate: Updating window title bar state: overlay mode, drag disabled, window buttons hidden, title bar hidden
[2021.02.04-09.40.37:885][  0]LogCollectionManager: Loaded 0 collections in 0.000826 seconds
[2021.02.04-09.40.37:986][  0]LogFileCache: Scanning file cache for directory 'D:/Documents/Unreal Projects/Arena/Saved/Collections/' took 0.00s
[2021.02.04-09.40.37:986][  0]LogFileCache: Scanning file cache for directory 'D:/Documents/Unreal Projects/Arena/Content/Developers/syky7/Collections/' took 0.00s
[2021.02.04-09.40.37:986][  0]LogFileCache: Scanning file cache for directory 'D:/Documents/Unreal Projects/Arena/Content/Collections/' took 0.00s
[2021.02.04-09.40.37:986][  0]LogContentBrowser: Native class hierarchy populated in 0.0092 seconds. Added 3429 classes and 823 folders.
[2021.02.04-09.40.38:007][  0]LogContentBrowser: Native class hierarchy updated for 'WidgetCarousel' in 0.0004 seconds. Added 0 classes and 0 folders.
[2021.02.04-09.40.39:088][  0]LogContentBrowser: Native class hierarchy updated for 'AddContentDialog' in 0.0005 seconds. Added 0 classes and 0 folders.
[2021.02.04-09.40.39:139][  0]LogContentBrowser: Native class hierarchy updated for 'SceneOutliner' in 0.0005 seconds. Added 2 classes and 0 folders.
[2021.02.04-09.40.39:258][  0]LogSlate: Took 0.000208 seconds to synchronously load lazily loaded font '../../../Engine/Content/Slate/Fonts/Roboto-Regular.ttf' (155K)
[2021.02.04-09.40.39:259][  0]LogSlate: Took 0.000154 seconds to synchronously load lazily loaded font '../../../Engine/Content/Slate/Fonts/Roboto-Bold.ttf' (160K)
[2021.02.04-09.40.39:288][  0]LogSlate: Took 0.024892 seconds to synchronously load lazily loaded font '../../../Engine/Content/Editor/Slate/Fonts/FontAwesome.ttf' (139K)
[2021.02.04-09.40.39:489][  0]LogRenderer: Reallocating scene render targets to support 1208x572 Format 10 NumSamples 1 (Frame:1).
[2021.02.04-09.40.39:772][  0]LogContentBrowser: Native class hierarchy updated for 'HierarchicalLODOutliner' in 0.0004 seconds. Added 0 classes and 0 folders.
[2021.02.04-09.40.39:772][  0]LogLoad: (Engine Initialization) Total time: 10.64 seconds
[2021.02.04-09.40.39:772][  0]LogLoad: (Engine Initialization) Total Blueprint compile time: 0.00 seconds
[2021.02.04-09.40.39:804][  0]LogAssetRegistry: Asset discovery search completed in 6.9575 seconds
[2021.02.04-09.40.39:807][  0]LogCollectionManager: Fixed up redirectors for 0 collections in 0.000002 seconds (updated 0 objects)
[2021.02.04-09.40.39:812][  0]LogContentStreaming: Texture pool size now 1000 MB
[2021.02.04-09.40.39:892][  0]LogSlate: Took 0.025004 seconds to synchronously load lazily loaded font '../../../Engine/Content/Slate/Fonts/Roboto-Light.ttf' (167K)
[2021.02.04-09.40.40:792][ 93]LogSlate: Took 0.000285 seconds to synchronously load lazily loaded font '../../../Engine/Content/Slate/Fonts/Roboto-Light.ttf' (167K)
[2021.02.04-09.41.09:523][580]LogTemp: Repeating last play command: Selected Viewport
[2021.02.04-09.41.09:534][580]LogPlayLevel: PlayLevel: No blueprints needed recompiling
[2021.02.04-09.41.09:549][580]PIE: New page: PIE session: ThirdPersonExampleMap (4 Feb 2021, 09:41:09)
[2021.02.04-09.41.09:558][580]LogOnline: OSS: Creating online subsystem instance for: NULL
[2021.02.04-09.41.09:564][580]LogOnline: OSS: TryLoadSubsystemAndSetDefault: Loaded subsystem for module [NULL]
[2021.02.04-09.41.09:564][580]LogPlayLevel: Creating play world package: /Game/ThirdPersonCPP/Maps/UEDPIE_0_ThirdPersonExampleMap
[2021.02.04-09.41.09:581][580]LogPlayLevel: PIE: StaticDuplicateObject took: (0.016890s)
[2021.02.04-09.41.09:582][580]LogAIModule: Creating AISystem for world ThirdPersonExampleMap
[2021.02.04-09.41.09:582][580]LogAISub: UAISubsystem::UAISubsystem EnvQueryManager (0000020B66467E00), frame # 1580
[2021.02.04-09.41.09:582][580]LogAISub: UAISubsystem::UAISubsystem AIPerceptionSystem (0000020B62080900), frame # 1580
[2021.02.04-09.41.09:582][580]LogPlayLevel: PIE: World Init took: (0.001030s)
[2021.02.04-09.41.09:582][580]LogPlayLevel: PIE: Created PIE world by copying editor world from /Game/ThirdPersonCPP/Maps/ThirdPersonExampleMap.ThirdPersonExampleMap to /Game/ThirdPersonCPP/Maps/UEDPIE_0_ThirdPersonExampleMap.ThirdPersonExampleMap (0.018066s)
[2021.02.04-09.41.09:602][580]LogUObjectHash: Compacting FUObjectHashTables data took   0.58ms
[2021.02.04-09.41.09:603][580]LogAudioMixer: Display: Audio Mixer Platform Settings:
[2021.02.04-09.41.09:603][580]LogAudioMixer: Display: 	Sample Rate:						  48000
[2021.02.04-09.41.09:603][580]LogAudioMixer: Display: 	Callback Buffer Frame Size Requested: 1024
[2021.02.04-09.41.09:603][580]LogAudioMixer: Display: 	Callback Buffer Frame Size To Use:	  1024
[2021.02.04-09.41.09:603][580]LogAudioMixer: Display: 	Number of buffers to queue:			  2
[2021.02.04-09.41.09:603][580]LogAudioMixer: Display: 	Max Channels (voices):				  32
[2021.02.04-09.41.09:603][580]LogAudioMixer: Display: 	Number of Async Source Workers:		  0
[2021.02.04-09.41.09:603][580]LogAudio: Display: AudioDevice MaxSources: 32
[2021.02.04-09.41.09:604][580]LogAudio: Display: Using built-in audio occlusion.
[2021.02.04-09.41.09:604][580]LogAudioMixer: Display: Initializing audio mixer.
[2021.02.04-09.41.09:607][580]LogAudioMixer: Warning: Did not find the channel type flags for audio device 'Headset (WH-XB900N Hands-Free AG Audio)'. Reverting to a default channel ordering.
[2021.02.04-09.41.09:607][580]LogAudioMixer: Display: 0: FrontLeft
[2021.02.04-09.41.09:607][580]LogAudioMixer: Display: 1: FrontRight
[2021.02.04-09.41.09:615][580]LogAudioMixer: Display: Using Audio Device Headset (WH-XB900N Hands-Free AG Audio)
[2021.02.04-09.41.09:615][580]LogAudioMixer: Display: Initializing Sound Submixes...
[2021.02.04-09.41.09:615][580]LogAudioMixer: Display: Creating Master Submix 'MasterSubmixDefault'
[2021.02.04-09.41.09:615][580]LogAudioMixer: Display: Creating Master Submix 'MasterReverbSubmixDefault'
[2021.02.04-09.41.09:616][580]LogAudioMixer: Display: Creating Master Submix 'MasterEQSubmixDefault'
[2021.02.04-09.41.09:626][580]LogInit: FAudioDevice initialized.
[2021.02.04-09.41.09:634][580]LogLoad: Game class is 'ArenaGameMode'
[2021.02.04-09.41.09:647][580]LogWorld: Bringing World /Game/ThirdPersonCPP/Maps/UEDPIE_0_ThirdPersonExampleMap.ThirdPersonExampleMap up for play (max tick rate 0) at 2021.02.04-09.41.09
[2021.02.04-09.41.09:647][580]LogWorld: Bringing up level for play took: 0.001219
[2021.02.04-09.41.09:647][580]LogOnline: OSS: Creating online subsystem instance for: :Context_2
[2021.02.04-09.41.09:685][580]LogContentBrowser: Native class hierarchy updated for 'MovieSceneCapture' in 0.0005 seconds. Added 20 classes and 0 folders.
[2021.02.04-09.41.09:686][580]PIE: Server logged in
[2021.02.04-09.41.09:688][580]PIE: Play in editor total start time 0.155 seconds.
[2021.02.04-09.41.11:114][742]LogTemp: Warning: Should work!
[2021.02.04-09.41.13:887][ 75]LogTemp: Warning: Should work!
[2021.02.04-09.41.14:029][ 92]LogTemp: Warning: Should work!
[2021.02.04-09.41.14:203][113]LogTemp: Warning: Should work!
[2021.02.04-09.41.15:187][231]LogTemp: Warning: Should work!
[2021.02.04-09.41.16:695][412]LogTemp: Warning: Should work!
[2021.02.04-09.41.19:569][757]LogTemp: Warning: Should work!
[2021.02.04-09.41.43:861][667]LogTemp: Warning: Should work!
[2021.02.04-09.41.46:528][987]LogTemp: Warning: Should work!
[2021.02.04-09.42.02:631][913]LogSlate: Updating window title bar state: overlay mode, drag disabled, window buttons hidden, title bar hidden
[2021.02.04-09.42.02:631][913]LogWorld: BeginTearingDown for /Game/ThirdPersonCPP/Maps/UEDPIE_0_ThirdPersonExampleMap
[2021.02.04-09.42.02:631][913]LogWorld: UWorld::CleanupWorld for ThirdPersonExampleMap, bSessionEnded=true, bCleanupResources=true
[2021.02.04-09.42.02:631][913]LogSlate: InvalidateAllWidgets triggered.  All widgets were invalidated
[2021.02.04-09.42.02:641][913]LogPlayLevel: Display: Shutting down PIE online subsystems
[2021.02.04-09.42.02:643][913]LogSlate: InvalidateAllWidgets triggered.  All widgets were invalidated
[2021.02.04-09.42.02:665][913]LogSlate: Updating window title bar state: overlay mode, drag disabled, window buttons hidden, title bar hidden
[2021.02.04-09.42.02:666][913]LogAISub: UAISubsystem::~UAISubsystem EnvQueryManager (0000020B66467E00), frame # 7913
[2021.02.04-09.42.02:666][913]LogAISub: UAISubsystem::~UAISubsystem AIPerceptionSystem (0000020B62080900), frame # 7913
[2021.02.04-09.42.02:667][913]LogUObjectHash: Compacting FUObjectHashTables data took   0.61ms
[2021.02.04-09.42.02:689][914]LogPlayLevel: Display: Destroying online subsystem :Context_2
[2021.02.04-09.43.29:765][425]LogAssetEditorSubsystem: Opening Asset editor for AnimBlueprint /Game/Blueprints/Animation/Knight_Anim_BP.Knight_Anim_BP
[2021.02.04-09.43.29:833][425]LogContentBrowser: Native class hierarchy updated for 'SkeletonEditor' in 0.0005 seconds. Added 1 classes and 2 folders.
[2021.02.04-09.43.30:223][425]LogActorComponent: RegisterComponentWithWorld: (/Engine/Transient.World_2:PersistentLevel.AnimationEditorPreviewActor_0.DebugSkelMeshComponent_0) Already registered. Aborting.
[2021.02.04-09.43.30:227][425]LogContentBrowser: Native class hierarchy updated for 'PinnedCommandList' in 0.0005 seconds. Added 1 classes and 0 folders.
[2021.02.04-09.43.30:604][425]LogContentBrowser: Native class hierarchy updated for 'BlueprintGraph' in 0.0008 seconds. Added 125 classes and 0 folders.
[2021.02.04-09.43.31:397][425]LogSkeletalMesh: USkeletalMeshComponent::InitArticulated : Bodies already created (/Engine/Transient.World_2:PersistentLevel.AnimationEditorPreviewActor_0.DebugSkelMeshComponent_0) - call TermArticulated first.
[2021.02.04-09.43.31:950][425]LogAssetEditorSubsystem: Opening Asset editor for AnimMontage /Game/Animations/Player/Knight_Attcak_Montage.Knight_Attcak_Montage
[2021.02.04-09.43.31:967][425]LogActorComponent: RegisterComponentWithWorld: (/Engine/Transient.World_4:PersistentLevel.AnimationEditorPreviewActor_0.DebugSkelMeshComponent_0) Already registered. Aborting.
[2021.02.04-09.43.31:991][425]LogSkeletalMesh: USkeletalMeshComponent::InitArticulated : Bodies already created (/Engine/Transient.World_4:PersistentLevel.AnimationEditorPreviewActor_0.DebugSkelMeshComponent_0) - call TermArticulated first.
[2021.02.04-09.43.32:250][425]LogAssetEditorSubsystem: Opening Asset editor for Blueprint /Game/ThirdPersonCPP/Blueprints/Knight_PlayerCharacter_BP.Knight_PlayerCharacter_BP
[2021.02.04-09.43.32:734][425]LogAssetEditorSubsystem: Opening Asset editor for Skeleton /Game/Models/Player/KnightForAnimation_Skeleton.KnightForAnimation_Skeleton
[2021.02.04-09.43.32:737][425]LogActorComponent: RegisterComponentWithWorld: (/Engine/Transient.World_7:PersistentLevel.AnimationEditorPreviewActor_0.DebugSkelMeshComponent_0) Already registered. Aborting.
[2021.02.04-09.43.32:760][425]LogSkeletalMesh: USkeletalMeshComponent::InitArticulated : Bodies already created (/Engine/Transient.World_7:PersistentLevel.AnimationEditorPreviewActor_0.DebugSkelMeshComponent_0) - call TermArticulated first.
[2021.02.04-09.43.33:017][425]LogAssetEditorSubsystem: Opening Asset editor for SkeletalMesh /Game/Models/Player/KnightForAnimation.KnightForAnimation
[2021.02.04-09.43.33:020][425]LogActorComponent: RegisterComponentWithWorld: (/Engine/Transient.World_8:PersistentLevel.AnimationEditorPreviewActor_0.DebugSkelMeshComponent_0) Already registered. Aborting.
[2021.02.04-09.43.33:048][425]LogSkeletalMesh: USkeletalMeshComponent::InitArticulated : Bodies already created (/Engine/Transient.World_8:PersistentLevel.AnimationEditorPreviewActor_0.DebugSkelMeshComponent_0) - call TermArticulated first.
[2021.02.04-09.43.33:728][425]LogSlate: Took 0.012074 seconds to synchronously load lazily loaded font '../../../Engine/Content/Slate/Fonts/Roboto-Italic.ttf' (157K)
[2021.02.04-09.43.40:767][861]LogSlate: Took 0.000301 seconds to synchronously load lazily loaded font '../../../Engine/Content/Slate/Fonts/Roboto-BoldCondensed.ttf' (158K)
[2021.02.04-09.45.40:723][816]LogContentBrowser: Verbose: The majority of assets in the view are of type: AnimSequence
[2021.02.04-09.50.34:625][186]LogRenderer: Reallocating scene render targets to support 1624x656 Format 10 NumSamples 1 (Frame:20027).
