Log file open, 02/11/21 16:03:51
LogInit: Display: Running engine for game: Arena
LogPlatformFile: Not using cached read wrapper
LogTaskGraph: Started task graph with 5 named threads and 47 total threads with 3 sets of task threads.
LogStats: Stats thread started at 0.188825
LogD3D11RHI: Loaded GFSDK_Aftermath_Lib.x64.dll
LogICUInternationalization: ICU TimeZone Detection - Raw Offset: +0:00, Platform Override: ''
LogPluginManager: Mounting plugin Paper2D
LogPluginManager: Mounting plugin AISupport
LogPluginManager: Mounting plugin LightPropagationVolume
LogPluginManager: Mounting plugin CameraShakePreviewer
LogPluginManager: Mounting plugin ActorLayerUtilities
LogPluginManager: Mounting plugin AnimationSharing
LogPluginManager: Mounting plugin CLionSourceCodeAccess
LogPluginManager: Mounting plugin CodeLiteSourceCodeAccess
LogPluginManager: Mounting plugin GitSourceControl
LogPluginManager: Mounting plugin KDevelopSourceCodeAccess
LogPluginManager: Mounting plugin NullSourceCodeAccess
LogPluginManager: Mounting plugin PerforceSourceControl
LogPluginManager: Mounting plugin PlasticSourceControl
LogPluginManager: Mounting plugin RiderSourceCodeAccess
LogPluginManager: Mounting plugin SubversionSourceControl
LogPluginManager: Mounting plugin UObjectPlugin
LogPluginManager: Mounting plugin VisualStudioCodeSourceCodeAccess
LogPluginManager: Mounting plugin VisualStudioSourceCodeAccess
LogPluginManager: Mounting plugin XCodeSourceCodeAccess
LogPluginManager: Mounting plugin AssetManagerEditor
LogPluginManager: Mounting plugin CryptoKeys
LogPluginManager: Mounting plugin CurveEditorTools
LogPluginManager: Mounting plugin DataValidation
LogPluginManager: Mounting plugin EditorScriptingUtilities
LogPluginManager: Mounting plugin FacialAnimation
LogPluginManager: Mounting plugin GameplayTagsEditor
LogPluginManager: Mounting plugin GeometryMode
LogPluginManager: Mounting plugin MacGraphicsSwitching
LogPluginManager: Mounting plugin MaterialAnalyzer
LogPluginManager: Mounting plugin MobileLauncherProfileWizard
LogPluginManager: Mounting plugin PluginBrowser
LogPluginManager: Mounting plugin SpeedTreeImporter
LogPluginManager: Mounting plugin DatasmithContent
LogPluginManager: Mounting plugin VariantManagerContent
LogPluginManager: Mounting plugin AlembicImporter
LogPluginManager: Mounting plugin AutomationUtils
LogPluginManager: Mounting plugin BackChannel
LogPluginManager: Mounting plugin ChaosCloth
LogPluginManager: Mounting plugin ChaosClothEditor
LogPluginManager: Mounting plugin ChaosEditor
LogPluginManager: Mounting plugin ChaosNiagara
LogPluginManager: Mounting plugin ChaosSolverPlugin
LogPluginManager: Mounting plugin CharacterAI
LogPluginManager: Mounting plugin GeometryCache
LogPluginManager: Mounting plugin GeometryCollectionPlugin
LogPluginManager: Mounting plugin GeometryProcessing
LogPluginManager: Mounting plugin PlanarCut
LogPluginManager: Mounting plugin PlatformCrypto
LogPluginManager: Mounting plugin ProxyLODPlugin
LogPluginManager: Mounting plugin SkeletalReduction
LogPluginManager: Mounting plugin Niagara
LogPluginManager: Mounting plugin MagicLeap
LogPluginManager: Mounting plugin MagicLeapLightEstimation
LogPluginManager: Mounting plugin MagicLeapMedia
LogPluginManager: Mounting plugin MagicLeapPassableWorld
LogPluginManager: Mounting plugin MLSDK
LogPluginManager: Mounting plugin AndroidMedia
LogPluginManager: Mounting plugin AvfMedia
LogPluginManager: Mounting plugin ImgMedia
LogPluginManager: Mounting plugin MediaCompositing
LogPluginManager: Mounting plugin MediaPlayerEditor
LogPluginManager: Mounting plugin WebMMedia
LogPluginManager: Mounting plugin WmfMedia
LogPluginManager: Mounting plugin MeshPainting
LogPluginManager: Mounting plugin TcpMessaging
LogPluginManager: Mounting plugin UdpMessaging
LogPluginManager: Mounting plugin ActorSequence
LogPluginManager: Mounting plugin LevelSequenceEditor
LogPluginManager: Mounting plugin MatineeToLevelSequence
LogPluginManager: Mounting plugin MovieRenderPipeline
LogPluginManager: Mounting plugin TemplateSequence
LogPluginManager: Mounting plugin NetcodeUnitTest
LogPluginManager: Mounting plugin NUTUnrealEngine4
LogPluginManager: Mounting plugin OnlineSubsystemGooglePlay
LogPluginManager: Mounting plugin OnlineSubsystemIOS
LogPluginManager: Mounting plugin OnlineSubsystem
LogPluginManager: Mounting plugin OnlineSubsystemNull
LogPluginManager: Mounting plugin OnlineSubsystemUtils
LogPluginManager: Mounting plugin LauncherChunkInstaller
LogPluginManager: Mounting plugin AndroidDeviceProfileSelector
LogPluginManager: Mounting plugin AndroidMoviePlayer
LogPluginManager: Mounting plugin AndroidPermission
LogPluginManager: Mounting plugin AppleImageUtils
LogPluginManager: Mounting plugin AppleMoviePlayer
LogPluginManager: Mounting plugin ArchVisCharacter
LogPluginManager: Mounting plugin AssetTags
LogPluginManager: Mounting plugin AudioCapture
LogPluginManager: Mounting plugin CableComponent
LogPluginManager: Mounting plugin CustomMeshComponent
LogPluginManager: Mounting plugin EditableMesh
LogPluginManager: Mounting plugin ExampleDeviceProfileSelector
LogPluginManager: Mounting plugin GoogleCloudMessaging
LogPluginManager: Mounting plugin GooglePAD
LogPluginManager: Mounting plugin IOSDeviceProfileSelector
LogPluginManager: Mounting plugin LinuxDeviceProfileSelector
LogPluginManager: Mounting plugin LocationServicesBPLibrary
LogPluginManager: Mounting plugin MobilePatchingUtils
LogPluginManager: Mounting plugin OculusVR
LogPluginManager: Mounting plugin PhysXVehicles
LogPluginManager: Mounting plugin PostSplashScreen
LogPluginManager: Mounting plugin ProceduralMeshComponent
LogPluginManager: Mounting plugin RuntimePhysXCooking
LogPluginManager: Mounting plugin SignificanceManager
LogPluginManager: Mounting plugin SoundFields
LogPluginManager: Mounting plugin SteamVR
LogPluginManager: Mounting plugin Synthesis
LogPluginManager: Mounting plugin WebMMoviePlayer
LogPluginManager: Mounting plugin WindowsMoviePlayer
LogPluginManager: Mounting plugin ScreenshotTools
LogInit: Using libcurl 7.55.1-DEV
LogInit:  - built for x86_64-pc-win32
LogInit:  - supports SSL with OpenSSL/1.1.1
LogInit:  - supports HTTP deflate (compression) using libz 1.2.8
LogInit:  - other features:
LogInit:      CURL_VERSION_SSL
LogInit:      CURL_VERSION_LIBZ
LogInit:      CURL_VERSION_IPV6
LogInit:      CURL_VERSION_ASYNCHDNS
LogInit:      CURL_VERSION_LARGEFILE
LogInit:      CURL_VERSION_IDN
LogInit:  CurlRequestOptions (configurable via config and command line):
LogInit:  - bVerifyPeer = true  - Libcurl will verify peer certificate
LogInit:  - bUseHttpProxy = false  - Libcurl will NOT use HTTP proxy
LogInit:  - bDontReuseConnections = false  - Libcurl will reuse connections
LogInit:  - MaxHostConnections = 16  - Libcurl will limit the number of connections to a host
LogInit:  - LocalHostAddr = Default
LogInit:  - BufferSize = 65536
LogOnline: OSS: Creating online subsystem instance for: NULL
LogInit: WinSock: version 1.1 (2.2), MaxSocks=32767, MaxUdp=65467
LogOnline: OSS: TryLoadSubsystemAndSetDefault: Loaded subsystem for module [NULL]
LogInit: Build: ++UE4+Release-4.25-CL-13942748
LogInit: Engine Version: 4.25.3-13942748+++UE4+Release-4.25
LogInit: Compatible Engine Version: 4.25.0-13144385+++UE4+Release-4.25
LogInit: Net CL: 13144385
LogInit: OS: Windows 10 (Release 2004) (), CPU: AMD Ryzen 7 3700X 8-Core Processor             , GPU: Radeon RX 570 Series
LogInit: Compiled (64-bit): Jul 25 2020 02:07:48
LogInit: Compiled with Visual C++: 19.24.28315.00
LogInit: Build Configuration: Development
LogInit: Branch Name: ++UE4+Release-4.25
LogInit: Command Line: 
LogInit: Base Directory: D:/Program Files/UE_4.25/Engine/Binaries/Win64/
LogInit: Allocator: TBB
LogInit: Installed Engine Build: 1
LogDevObjectVersion: Number of dev versions registered: 26
LogDevObjectVersion:   Dev-Blueprints (B0D832E4-1F89-4F0D-ACCF-7EB736FD4AA2): 10
LogDevObjectVersion:   Dev-Build (E1C64328-A22C-4D53-A36C-8E866417BD8C): 0
LogDevObjectVersion:   Dev-Core (375EC13C-06E4-48FB-B500-84F0262A717E): 4
LogDevObjectVersion:   Dev-Editor (E4B068ED-F494-42E9-A231-DA0B2E46BB41): 38
LogDevObjectVersion:   Dev-Framework (CFFC743F-43B0-4480-9391-14DF171D2073): 37
LogDevObjectVersion:   Dev-Mobile (B02B49B5-BB20-44E9-A304-32B752E40360): 2
LogDevObjectVersion:   Dev-Networking (A4E4105C-59A1-49B5-A7C5-40C4547EDFEE): 0
LogDevObjectVersion:   Dev-Online (39C831C9-5AE6-47DC-9A44-9C173E1C8E7C): 0
LogDevObjectVersion:   Dev-Physics (78F01B33-EBEA-4F98-B9B4-84EACCB95AA2): 4
LogDevObjectVersion:   Dev-Platform (6631380F-2D4D-43E0-8009-CF276956A95A): 0
LogDevObjectVersion:   Dev-Rendering (12F88B9F-8875-4AFC-A67C-D90C383ABD29): 43
LogDevObjectVersion:   Dev-Sequencer (7B5AE74C-D270-4C10-A958-57980B212A5A): 12
LogDevObjectVersion:   Dev-VR (D7296918-1DD6-4BDD-9DE2-64A83CC13884): 3
LogDevObjectVersion:   Dev-LoadTimes (C2A15278-BFE7-4AFE-6C17-90FF531DF755): 1
LogDevObjectVersion:   Private-Geometry (6EACA3D4-40EC-4CC1-B786-8BED09428FC5): 3
LogDevObjectVersion:   Dev-AnimPhys (29E575DD-E0A3-4627-9D10-D276232CDCEA): 17
LogDevObjectVersion:   Dev-Anim (AF43A65D-7FD3-4947-9873-3E8ED9C1BB05): 7
LogDevObjectVersion:   Dev-ReflectionCapture (6B266CEC-1EC7-4B8F-A30B-E4D90942FC07): 1
LogDevObjectVersion:   Dev-Automation (0DF73D61-A23F-47EA-B727-89E90C41499A): 1
LogDevObjectVersion:   FortniteMain (601D1886-AC64-4F84-AA16-D3DE0DEAC7D6): 31
LogDevObjectVersion:   Dev-Enterprise (9DFFBCD6-494F-0158-E221-12823C92A888): 10
LogDevObjectVersion:   Dev-Niagara (F2AED0AC-9AFE-416F-8664-AA7FFA26D6FC): 1
LogDevObjectVersion:   Dev-Destruction (174F1F0B-B4C6-45A5-B13F-2EE8D0FB917D): 10
LogDevObjectVersion:   Dev-Physics-Ext (35F94A83-E258-406C-A318-09F59610247C): 37
LogDevObjectVersion:   Dev-PhysicsMaterial-Chaos (B68FC16E-8B1B-42E2-B453-215C058844FE): 1
LogDevObjectVersion:   Dev-CineCamera (B2E18506-4273-CFC2-A54E-F4BB758BBA07): 1
LogInit: Presizing for max 25165824 objects, including 0 objects not considered by GC, pre-allocating 0 bytes for permanent pool.
LogConfig: Applying CVar settings from Section [/Script/Engine.StreamingSettings] File [D:/Documents/GitHub/Arena/Arena/Saved/Config/Windows/Engine.ini]
LogConfig: Setting CVar [[s.MinBulkDataSizeForAsyncLoading:131072]]
LogConfig: Setting CVar [[s.AsyncLoadingThreadEnabled:0]]
LogConfig: Setting CVar [[s.EventDrivenLoaderEnabled:1]]
LogConfig: Setting CVar [[s.WarnIfTimeLimitExceeded:0]]
LogConfig: Setting CVar [[s.TimeLimitExceededMultiplier:1.5]]
LogConfig: Setting CVar [[s.TimeLimitExceededMinTime:0.005]]
LogConfig: Setting CVar [[s.UseBackgroundLevelStreaming:1]]
LogConfig: Setting CVar [[s.PriorityAsyncLoadingExtraTime:15.0]]
LogConfig: Setting CVar [[s.LevelStreamingActorsUpdateTimeLimit:5.0]]
LogConfig: Setting CVar [[s.PriorityLevelStreamingActorsUpdateExtraTime:5.0]]
LogConfig: Setting CVar [[s.LevelStreamingComponentsRegistrationGranularity:10]]
LogConfig: Setting CVar [[s.UnregisterComponentsTimeLimit:1.0]]
LogConfig: Setting CVar [[s.LevelStreamingComponentsUnregistrationGranularity:5]]
LogConfig: Setting CVar [[s.FlushStreamingOnExit:1]]
LogInit: Object subsystem initialized
LogConfig: Setting CVar [[con.DebugEarlyDefault:1]]
LogConfig: Setting CVar [[r.setres:1280x720]]
[2021.02.11-16.03.51:936][  0]LogConfig: Setting CVar [[r.VSync:0]]
[2021.02.11-16.03.51:936][  0]LogConfig: Setting CVar [[r.RHICmdBypass:0]]
[2021.02.11-16.03.51:936][  0]LogConfig: Applying CVar settings from Section [/Script/Engine.RendererSettings] File [D:/Documents/GitHub/Arena/Arena/Saved/Config/Windows/Engine.ini]
[2021.02.11-16.03.51:936][  0]LogConfig: Setting CVar [[r.GPUCrashDebugging:0]]
[2021.02.11-16.03.51:936][  0]LogConfig: Applying CVar settings from Section [/Script/Engine.RendererOverrideSettings] File [D:/Documents/GitHub/Arena/Arena/Saved/Config/Windows/Engine.ini]
[2021.02.11-16.03.51:936][  0]LogConfig: Applying CVar settings from Section [/Script/Engine.StreamingSettings] File [D:/Documents/GitHub/Arena/Arena/Saved/Config/Windows/Engine.ini]
[2021.02.11-16.03.51:936][  0]LogConfig: Setting CVar [[s.MinBulkDataSizeForAsyncLoading:131072]]
[2021.02.11-16.03.51:936][  0]LogConfig: Setting CVar [[s.AsyncLoadingThreadEnabled:0]]
[2021.02.11-16.03.51:936][  0]LogConfig: Setting CVar [[s.EventDrivenLoaderEnabled:1]]
[2021.02.11-16.03.51:936][  0]LogConfig: Setting CVar [[s.WarnIfTimeLimitExceeded:0]]
[2021.02.11-16.03.51:936][  0]LogConfig: Setting CVar [[s.TimeLimitExceededMultiplier:1.5]]
[2021.02.11-16.03.51:936][  0]LogConfig: Setting CVar [[s.TimeLimitExceededMinTime:0.005]]
[2021.02.11-16.03.51:936][  0]LogConfig: Setting CVar [[s.UseBackgroundLevelStreaming:1]]
[2021.02.11-16.03.51:936][  0]LogConfig: Setting CVar [[s.PriorityAsyncLoadingExtraTime:15.0]]
[2021.02.11-16.03.51:936][  0]LogConfig: Setting CVar [[s.LevelStreamingActorsUpdateTimeLimit:5.0]]
[2021.02.11-16.03.51:936][  0]LogConfig: Setting CVar [[s.PriorityLevelStreamingActorsUpdateExtraTime:5.0]]
[2021.02.11-16.03.51:936][  0]LogConfig: Setting CVar [[s.LevelStreamingComponentsRegistrationGranularity:10]]
[2021.02.11-16.03.51:936][  0]LogConfig: Setting CVar [[s.UnregisterComponentsTimeLimit:1.0]]
[2021.02.11-16.03.51:936][  0]LogConfig: Setting CVar [[s.LevelStreamingComponentsUnregistrationGranularity:5]]
[2021.02.11-16.03.51:936][  0]LogConfig: Setting CVar [[s.FlushStreamingOnExit:1]]
[2021.02.11-16.03.51:936][  0]LogConfig: Applying CVar settings from Section [/Script/Engine.GarbageCollectionSettings] File [D:/Documents/GitHub/Arena/Arena/Saved/Config/Windows/Engine.ini]
[2021.02.11-16.03.51:936][  0]LogConfig: Setting CVar [[gc.MaxObjectsNotConsideredByGC:1]]
[2021.02.11-16.03.51:936][  0]LogConfig: Setting CVar [[gc.SizeOfPermanentObjectPool:0]]
[2021.02.11-16.03.51:936][  0]LogConfig: Setting CVar [[gc.FlushStreamingOnGC:0]]
[2021.02.11-16.03.51:936][  0]LogConfig: Setting CVar [[gc.NumRetriesBeforeForcingGC:10]]
[2021.02.11-16.03.51:936][  0]LogConfig: Setting CVar [[gc.AllowParallelGC:1]]
[2021.02.11-16.03.51:936][  0]LogConfig: Setting CVar [[gc.TimeBetweenPurgingPendingKillObjects:61.1]]
[2021.02.11-16.03.51:936][  0]LogConfig: Setting CVar [[gc.MaxObjectsInEditor:25165824]]
[2021.02.11-16.03.51:936][  0]LogConfig: Setting CVar [[gc.IncrementalBeginDestroyEnabled:1]]
[2021.02.11-16.03.51:936][  0]LogConfig: Setting CVar [[gc.CreateGCClusters:1]]
[2021.02.11-16.03.51:936][  0]LogConfig: Setting CVar [[gc.MinGCClusterSize:5]]
[2021.02.11-16.03.51:936][  0]LogConfig: Setting CVar [[gc.ActorClusteringEnabled:0]]
[2021.02.11-16.03.51:936][  0]LogConfig: Setting CVar [[gc.BlueprintClusteringEnabled:0]]
[2021.02.11-16.03.51:936][  0]LogConfig: Setting CVar [[gc.UseDisregardForGCOnDedicatedServers:0]]
[2021.02.11-16.03.51:936][  0]LogConfig: Applying CVar settings from Section [/Script/Engine.NetworkSettings] File [D:/Documents/GitHub/Arena/Arena/Saved/Config/Windows/Engine.ini]
[2021.02.11-16.03.51:936][  0]LogConfig: Applying CVar settings from Section [/Script/UnrealEd.CookerSettings] File [D:/Documents/GitHub/Arena/Arena/Saved/Config/Windows/Engine.ini]
[2021.02.11-16.03.51:956][  0]LogConfig: Applying CVar settings from Section [ViewDistanceQuality@3] File [D:/Documents/GitHub/Arena/Arena/Saved/Config/Windows/Scalability.ini]
[2021.02.11-16.03.51:956][  0]LogConfig: Setting CVar [[r.SkeletalMeshLODBias:0]]
[2021.02.11-16.03.51:956][  0]LogConfig: Setting CVar [[r.ViewDistanceScale:1.0]]
[2021.02.11-16.03.51:956][  0]LogConfig: Applying CVar settings from Section [AntiAliasingQuality@3] File [D:/Documents/GitHub/Arena/Arena/Saved/Config/Windows/Scalability.ini]
[2021.02.11-16.03.51:956][  0]LogConfig: Setting CVar [[r.PostProcessAAQuality:4]]
[2021.02.11-16.03.51:956][  0]LogConfig: Applying CVar settings from Section [ShadowQuality@3] File [D:/Documents/GitHub/Arena/Arena/Saved/Config/Windows/Scalability.ini]
[2021.02.11-16.03.51:956][  0]LogConfig: Setting CVar [[r.LightFunctionQuality:1]]
[2021.02.11-16.03.51:956][  0]LogConfig: Setting CVar [[r.ShadowQuality:5]]
[2021.02.11-16.03.51:956][  0]LogConfig: Setting CVar [[r.Shadow.CSM.MaxCascades:10]]
[2021.02.11-16.03.51:956][  0]LogConfig: Setting CVar [[r.Shadow.MaxResolution:2048]]
[2021.02.11-16.03.51:956][  0]LogConfig: Setting CVar [[r.Shadow.MaxCSMResolution:2048]]
[2021.02.11-16.03.51:957][  0]LogConfig: Setting CVar [[r.Shadow.RadiusThreshold:0.01]]
[2021.02.11-16.03.51:957][  0]LogConfig: Setting CVar [[r.Shadow.DistanceScale:1.0]]
[2021.02.11-16.03.51:957][  0]LogConfig: Setting CVar [[r.Shadow.CSM.TransitionScale:1.0]]
[2021.02.11-16.03.51:957][  0]LogConfig: Setting CVar [[r.Shadow.PreShadowResolutionFactor:1.0]]
[2021.02.11-16.03.51:957][  0]LogConfig: Setting CVar [[r.DistanceFieldShadowing:1]]
[2021.02.11-16.03.51:957][  0]LogConfig: Setting CVar [[r.DistanceFieldAO:1]]
[2021.02.11-16.03.51:957][  0]LogConfig: Setting CVar [[r.AOQuality:2]]
[2021.02.11-16.03.51:957][  0]LogConfig: Setting CVar [[r.VolumetricFog:1]]
[2021.02.11-16.03.51:957][  0]LogConfig: Setting CVar [[r.VolumetricFog.GridPixelSize:8]]
[2021.02.11-16.03.51:957][  0]LogConfig: Setting CVar [[r.VolumetricFog.GridSizeZ:128]]
[2021.02.11-16.03.51:957][  0]LogConfig: Setting CVar [[r.VolumetricFog.HistoryMissSupersampleCount:4]]
[2021.02.11-16.03.51:957][  0]LogConfig: Setting CVar [[r.LightMaxDrawDistanceScale:1]]
[2021.02.11-16.03.51:957][  0]LogConfig: Setting CVar [[r.CapsuleShadows:1]]
[2021.02.11-16.03.51:957][  0]LogConfig: Applying CVar settings from Section [PostProcessQuality@3] File [D:/Documents/GitHub/Arena/Arena/Saved/Config/Windows/Scalability.ini]
[2021.02.11-16.03.51:957][  0]LogConfig: Setting CVar [[r.MotionBlurQuality:4]]
[2021.02.11-16.03.51:957][  0]LogConfig: Setting CVar [[r.AmbientOcclusionMipLevelFactor:0.4]]
[2021.02.11-16.03.51:957][  0]LogConfig: Setting CVar [[r.AmbientOcclusionMaxQuality:100]]
[2021.02.11-16.03.51:957][  0]LogConfig: Setting CVar [[r.AmbientOcclusionLevels:-1]]
[2021.02.11-16.03.51:957][  0]LogConfig: Setting CVar [[r.AmbientOcclusionRadiusScale:1.0]]
[2021.02.11-16.03.51:957][  0]LogConfig: Setting CVar [[r.DepthOfFieldQuality:2]]
[2021.02.11-16.03.51:957][  0]LogConfig: Setting CVar [[r.RenderTargetPoolMin:400]]
[2021.02.11-16.03.51:957][  0]LogConfig: Setting CVar [[r.LensFlareQuality:2]]
[2021.02.11-16.03.51:957][  0]LogConfig: Setting CVar [[r.SceneColorFringeQuality:1]]
[2021.02.11-16.03.51:957][  0]LogConfig: Setting CVar [[r.EyeAdaptationQuality:2]]
[2021.02.11-16.03.51:957][  0]LogConfig: Setting CVar [[r.BloomQuality:5]]
[2021.02.11-16.03.51:957][  0]LogConfig: Setting CVar [[r.FastBlurThreshold:100]]
[2021.02.11-16.03.51:957][  0]LogConfig: Setting CVar [[r.Upscale.Quality:3]]
[2021.02.11-16.03.51:957][  0]LogConfig: Setting CVar [[r.Tonemapper.GrainQuantization:1]]
[2021.02.11-16.03.51:957][  0]LogConfig: Setting CVar [[r.LightShaftQuality:1]]
[2021.02.11-16.03.51:957][  0]LogConfig: Setting CVar [[r.Filter.SizeScale:1]]
[2021.02.11-16.03.51:957][  0]LogConfig: Setting CVar [[r.Tonemapper.Quality:5]]
[2021.02.11-16.03.51:957][  0]LogConfig: Setting CVar [[r.DOF.Gather.AccumulatorQuality:1        ; higher gathering accumulator quality]]
[2021.02.11-16.03.51:957][  0]LogConfig: Setting CVar [[r.DOF.Gather.PostfilterMethod:1          ; Median3x3 postfilering method]]
[2021.02.11-16.03.51:957][  0]LogConfig: Setting CVar [[r.DOF.Gather.EnableBokehSettings:0       ; no bokeh simulation when gathering]]
[2021.02.11-16.03.51:957][  0]LogConfig: Setting CVar [[r.DOF.Gather.RingCount:4                 ; medium number of samples when gathering]]
[2021.02.11-16.03.51:957][  0]LogConfig: Setting CVar [[r.DOF.Scatter.ForegroundCompositing:1    ; additive foreground scattering]]
[2021.02.11-16.03.51:957][  0]LogConfig: Setting CVar [[r.DOF.Scatter.BackgroundCompositing:2    ; additive background scattering]]
[2021.02.11-16.03.51:957][  0]LogConfig: Setting CVar [[r.DOF.Scatter.EnableBokehSettings:1      ; bokeh simulation when scattering]]
[2021.02.11-16.03.51:957][  0]LogConfig: Setting CVar [[r.DOF.Scatter.MaxSpriteRatio:0.1         ; only a maximum of 10% of scattered bokeh]]
[2021.02.11-16.03.51:957][  0]LogConfig: Setting CVar [[r.DOF.Recombine.Quality:1                ; cheap slight out of focus]]
[2021.02.11-16.03.51:957][  0]LogConfig: Setting CVar [[r.DOF.Recombine.EnableBokehSettings:0    ; no bokeh simulation on slight out of focus]]
[2021.02.11-16.03.51:957][  0]LogConfig: Setting CVar [[r.DOF.TemporalAAQuality:1                ; more stable temporal accumulation]]
[2021.02.11-16.03.51:957][  0]LogConfig: Setting CVar [[r.DOF.Kernel.MaxForegroundRadius:0.025]]
[2021.02.11-16.03.51:957][  0]LogConfig: Setting CVar [[r.DOF.Kernel.MaxBackgroundRadius:0.025]]
[2021.02.11-16.03.51:957][  0]LogConfig: Applying CVar settings from Section [TextureQuality@3] File [D:/Documents/GitHub/Arena/Arena/Saved/Config/Windows/Scalability.ini]
[2021.02.11-16.03.51:957][  0]LogConfig: Setting CVar [[r.Streaming.MipBias:0]]
[2021.02.11-16.03.51:957][  0]LogConfig: Setting CVar [[r.Streaming.AmortizeCPUToGPUCopy:0]]
[2021.02.11-16.03.51:957][  0]LogConfig: Setting CVar [[r.Streaming.MaxNumTexturesToStreamPerFrame:0]]
[2021.02.11-16.03.51:957][  0]LogConfig: Setting CVar [[r.Streaming.Boost:1]]
[2021.02.11-16.03.51:957][  0]LogConfig: Setting CVar [[r.MaxAnisotropy:8]]
[2021.02.11-16.03.51:957][  0]LogConfig: Setting CVar [[r.VT.MaxAnisotropy:8]]
[2021.02.11-16.03.51:957][  0]LogConfig: Setting CVar [[r.Streaming.LimitPoolSizeToVRAM:0]]
[2021.02.11-16.03.51:957][  0]LogConfig: Setting CVar [[r.Streaming.PoolSize:1000]]
[2021.02.11-16.03.51:957][  0]LogConfig: Setting CVar [[r.Streaming.MaxEffectiveScreenSize:0]]
[2021.02.11-16.03.51:957][  0]LogConfig: Applying CVar settings from Section [EffectsQuality@3] File [D:/Documents/GitHub/Arena/Arena/Saved/Config/Windows/Scalability.ini]
[2021.02.11-16.03.51:957][  0]LogConfig: Setting CVar [[r.TranslucencyLightingVolumeDim:64]]
[2021.02.11-16.03.51:957][  0]LogConfig: Setting CVar [[r.RefractionQuality:2]]
[2021.02.11-16.03.51:957][  0]LogConfig: Setting CVar [[r.SSR.Quality:3]]
[2021.02.11-16.03.51:957][  0]LogConfig: Setting CVar [[r.SSR.HalfResSceneColor:0]]
[2021.02.11-16.03.51:957][  0]LogConfig: Setting CVar [[r.SceneColorFormat:4]]
[2021.02.11-16.03.51:957][  0]LogConfig: Setting CVar [[r.DetailMode:2]]
[2021.02.11-16.03.51:957][  0]LogConfig: Setting CVar [[r.TranslucencyVolumeBlur:1]]
[2021.02.11-16.03.51:957][  0]LogConfig: Setting CVar [[r.MaterialQualityLevel:1 ; High quality]]
[2021.02.11-16.03.51:957][  0]LogConfig: Setting CVar [[r.SSS.Scale:1]]
[2021.02.11-16.03.51:957][  0]LogConfig: Setting CVar [[r.SSS.SampleSet:2]]
[2021.02.11-16.03.51:957][  0]LogConfig: Setting CVar [[r.SSS.Quality:1]]
[2021.02.11-16.03.51:957][  0]LogConfig: Setting CVar [[r.SSS.HalfRes:0]]
[2021.02.11-16.03.51:957][  0]LogConfig: Setting CVar [[r.SSGI.Quality:3]]
[2021.02.11-16.03.51:957][  0]LogConfig: Setting CVar [[r.EmitterSpawnRateScale:1.0]]
[2021.02.11-16.03.51:957][  0]LogConfig: Setting CVar [[r.ParticleLightQuality:2]]
[2021.02.11-16.03.51:957][  0]LogConfig: Setting CVar [[r.SkyAtmosphere.AerialPerspectiveLUT.FastApplyOnOpaque:1 ; Always have FastSkyLUT 1 in this case to avoid wrong sky]]
[2021.02.11-16.03.51:957][  0]LogConfig: Setting CVar [[r.SkyAtmosphere.AerialPerspectiveLUT.SampleCountPerSlice:1]]
[2021.02.11-16.03.51:957][  0]LogConfig: Setting CVar [[r.SkyAtmosphere.AerialPerspectiveLUT.DepthResolution:16.0]]
[2021.02.11-16.03.51:957][  0]LogConfig: Setting CVar [[r.SkyAtmosphere.FastSkyLUT:1]]
[2021.02.11-16.03.51:957][  0]LogConfig: Setting CVar [[r.SkyAtmosphere.FastSkyLUT.SampleCountMin:4.0]]
[2021.02.11-16.03.51:957][  0]LogConfig: Setting CVar [[r.SkyAtmosphere.FastSkyLUT.SampleCountMax:32.0]]
[2021.02.11-16.03.51:957][  0]LogConfig: Setting CVar [[r.SkyAtmosphere.SampleCountMin:4.0]]
[2021.02.11-16.03.51:957][  0]LogConfig: Setting CVar [[r.SkyAtmosphere.SampleCountMax:32.0]]
[2021.02.11-16.03.51:957][  0]LogConfig: Setting CVar [[r.SkyAtmosphere.TransmittanceLUT.UseSmallFormat:0]]
[2021.02.11-16.03.51:957][  0]LogConfig: Setting CVar [[r.SkyAtmosphere.TransmittanceLUT.SampleCount:10.0]]
[2021.02.11-16.03.51:957][  0]LogConfig: Setting CVar [[r.SkyAtmosphere.MultiScatteringLUT.SampleCount:15.0]]
[2021.02.11-16.03.51:957][  0]LogConfig: Applying CVar settings from Section [FoliageQuality@3] File [D:/Documents/GitHub/Arena/Arena/Saved/Config/Windows/Scalability.ini]
[2021.02.11-16.03.51:957][  0]LogConfig: Setting CVar [[foliage.DensityScale:1.0]]
[2021.02.11-16.03.51:957][  0]LogConfig: Setting CVar [[grass.DensityScale:1.0]]
[2021.02.11-16.03.51:957][  0]LogConfig: Applying CVar settings from Section [ShadingQuality@3] File [D:/Documents/GitHub/Arena/Arena/Saved/Config/Windows/Scalability.ini]
[2021.02.11-16.03.51:957][  0]LogConfig: Setting CVar [[r.HairStrands.SkyLighting.SampleCount:16]]
[2021.02.11-16.03.51:957][  0]LogConfig: Setting CVar [[r.HairStrands.SkyLighting.JitterIntegration:0]]
[2021.02.11-16.03.51:957][  0]LogConfig: Setting CVar [[r.HairStrands.SkyAO.SampleCount:16]]
[2021.02.11-16.03.51:957][  0]LogConfig: Setting CVar [[r.HairStrands.DeepShadow.SuperSampling:0]]
[2021.02.11-16.03.51:957][  0]LogConfig: Setting CVar [[r.HairStrands.VisibilityPPLL:0]]
[2021.02.11-16.03.51:957][  0]LogConfig: Setting CVar [[r.HairStrands.RasterizationScale:0.5]]
[2021.02.11-16.03.51:958][  0]LogConfig: Setting CVar [[r.HairStrands.VelocityRasterizationScale:1]]
[2021.02.11-16.03.51:958][  0]LogInit: Selected Device Profile: [Windows]
[2021.02.11-16.03.51:958][  0]LogInit: Applying CVar settings loaded from the selected device profile: [Windows]
[2021.02.11-16.03.51:958][  0]LogHAL: Display: Platform has ~ 32 GB [34269937664 / 34359738368 / 32], which maps to Largest [LargestMinGB=32, LargerMinGB=12, DefaultMinGB=8, SmallerMinGB=6, SmallestMinGB=0)
[2021.02.11-16.03.51:958][  0]LogInit: Going up to parent DeviceProfile []
[2021.02.11-16.03.51:958][  0]LogConfig: Applying CVar settings from Section [ViewDistanceQuality@3] File [D:/Documents/GitHub/Arena/Arena/Saved/Config/Windows/Scalability.ini]
[2021.02.11-16.03.51:958][  0]LogConfig: Setting CVar [[r.SkeletalMeshLODBias:0]]
[2021.02.11-16.03.51:958][  0]LogConfig: Setting CVar [[r.ViewDistanceScale:1.0]]
[2021.02.11-16.03.51:958][  0]LogConfig: Applying CVar settings from Section [AntiAliasingQuality@3] File [D:/Documents/GitHub/Arena/Arena/Saved/Config/Windows/Scalability.ini]
[2021.02.11-16.03.51:958][  0]LogConfig: Setting CVar [[r.PostProcessAAQuality:4]]
[2021.02.11-16.03.51:958][  0]LogConfig: Applying CVar settings from Section [ShadowQuality@3] File [D:/Documents/GitHub/Arena/Arena/Saved/Config/Windows/Scalability.ini]
[2021.02.11-16.03.51:958][  0]LogConfig: Setting CVar [[r.LightFunctionQuality:1]]
[2021.02.11-16.03.51:958][  0]LogConfig: Setting CVar [[r.ShadowQuality:5]]
[2021.02.11-16.03.51:958][  0]LogConfig: Setting CVar [[r.Shadow.CSM.MaxCascades:10]]
[2021.02.11-16.03.51:958][  0]LogConfig: Setting CVar [[r.Shadow.MaxResolution:2048]]
[2021.02.11-16.03.51:958][  0]LogConfig: Setting CVar [[r.Shadow.MaxCSMResolution:2048]]
[2021.02.11-16.03.51:958][  0]LogConfig: Setting CVar [[r.Shadow.RadiusThreshold:0.01]]
[2021.02.11-16.03.51:958][  0]LogConfig: Setting CVar [[r.Shadow.DistanceScale:1.0]]
[2021.02.11-16.03.51:958][  0]LogConfig: Setting CVar [[r.Shadow.CSM.TransitionScale:1.0]]
[2021.02.11-16.03.51:958][  0]LogConfig: Setting CVar [[r.Shadow.PreShadowResolutionFactor:1.0]]
[2021.02.11-16.03.51:958][  0]LogConfig: Setting CVar [[r.DistanceFieldShadowing:1]]
[2021.02.11-16.03.51:958][  0]LogConfig: Setting CVar [[r.DistanceFieldAO:1]]
[2021.02.11-16.03.51:958][  0]LogConfig: Setting CVar [[r.AOQuality:2]]
[2021.02.11-16.03.51:958][  0]LogConfig: Setting CVar [[r.VolumetricFog:1]]
[2021.02.11-16.03.51:958][  0]LogConfig: Setting CVar [[r.VolumetricFog.GridPixelSize:8]]
[2021.02.11-16.03.51:958][  0]LogConfig: Setting CVar [[r.VolumetricFog.GridSizeZ:128]]
[2021.02.11-16.03.51:958][  0]LogConfig: Setting CVar [[r.VolumetricFog.HistoryMissSupersampleCount:4]]
[2021.02.11-16.03.51:958][  0]LogConfig: Setting CVar [[r.LightMaxDrawDistanceScale:1]]
[2021.02.11-16.03.51:958][  0]LogConfig: Setting CVar [[r.CapsuleShadows:1]]
[2021.02.11-16.03.51:958][  0]LogConfig: Applying CVar settings from Section [PostProcessQuality@3] File [D:/Documents/GitHub/Arena/Arena/Saved/Config/Windows/Scalability.ini]
[2021.02.11-16.03.51:958][  0]LogConfig: Setting CVar [[r.MotionBlurQuality:4]]
[2021.02.11-16.03.51:958][  0]LogConfig: Setting CVar [[r.AmbientOcclusionMipLevelFactor:0.4]]
[2021.02.11-16.03.51:958][  0]LogConfig: Setting CVar [[r.AmbientOcclusionMaxQuality:100]]
[2021.02.11-16.03.51:958][  0]LogConfig: Setting CVar [[r.AmbientOcclusionLevels:-1]]
[2021.02.11-16.03.51:958][  0]LogConfig: Setting CVar [[r.AmbientOcclusionRadiusScale:1.0]]
[2021.02.11-16.03.51:958][  0]LogConfig: Setting CVar [[r.DepthOfFieldQuality:2]]
[2021.02.11-16.03.51:958][  0]LogConfig: Setting CVar [[r.RenderTargetPoolMin:400]]
[2021.02.11-16.03.51:958][  0]LogConfig: Setting CVar [[r.LensFlareQuality:2]]
[2021.02.11-16.03.51:958][  0]LogConfig: Setting CVar [[r.SceneColorFringeQuality:1]]
[2021.02.11-16.03.51:958][  0]LogConfig: Setting CVar [[r.EyeAdaptationQuality:2]]
[2021.02.11-16.03.51:958][  0]LogConfig: Setting CVar [[r.BloomQuality:5]]
[2021.02.11-16.03.51:958][  0]LogConfig: Setting CVar [[r.FastBlurThreshold:100]]
[2021.02.11-16.03.51:958][  0]LogConfig: Setting CVar [[r.Upscale.Quality:3]]
[2021.02.11-16.03.51:958][  0]LogConfig: Setting CVar [[r.Tonemapper.GrainQuantization:1]]
[2021.02.11-16.03.51:958][  0]LogConfig: Setting CVar [[r.LightShaftQuality:1]]
[2021.02.11-16.03.51:958][  0]LogConfig: Setting CVar [[r.Filter.SizeScale:1]]
[2021.02.11-16.03.51:958][  0]LogConfig: Setting CVar [[r.Tonemapper.Quality:5]]
[2021.02.11-16.03.51:958][  0]LogConfig: Setting CVar [[r.DOF.Gather.AccumulatorQuality:1        ; higher gathering accumulator quality]]
[2021.02.11-16.03.51:958][  0]LogConfig: Setting CVar [[r.DOF.Gather.PostfilterMethod:1          ; Median3x3 postfilering method]]
[2021.02.11-16.03.51:958][  0]LogConfig: Setting CVar [[r.DOF.Gather.EnableBokehSettings:0       ; no bokeh simulation when gathering]]
[2021.02.11-16.03.51:958][  0]LogConfig: Setting CVar [[r.DOF.Gather.RingCount:4                 ; medium number of samples when gathering]]
[2021.02.11-16.03.51:958][  0]LogConfig: Setting CVar [[r.DOF.Scatter.ForegroundCompositing:1    ; additive foreground scattering]]
[2021.02.11-16.03.51:958][  0]LogConfig: Setting CVar [[r.DOF.Scatter.BackgroundCompositing:2    ; additive background scattering]]
[2021.02.11-16.03.51:958][  0]LogConfig: Setting CVar [[r.DOF.Scatter.EnableBokehSettings:1      ; bokeh simulation when scattering]]
[2021.02.11-16.03.51:958][  0]LogConfig: Setting CVar [[r.DOF.Scatter.MaxSpriteRatio:0.1         ; only a maximum of 10% of scattered bokeh]]
[2021.02.11-16.03.51:958][  0]LogConfig: Setting CVar [[r.DOF.Recombine.Quality:1                ; cheap slight out of focus]]
[2021.02.11-16.03.51:958][  0]LogConfig: Setting CVar [[r.DOF.Recombine.EnableBokehSettings:0    ; no bokeh simulation on slight out of focus]]
[2021.02.11-16.03.51:958][  0]LogConfig: Setting CVar [[r.DOF.TemporalAAQuality:1                ; more stable temporal accumulation]]
[2021.02.11-16.03.51:958][  0]LogConfig: Setting CVar [[r.DOF.Kernel.MaxForegroundRadius:0.025]]
[2021.02.11-16.03.51:958][  0]LogConfig: Setting CVar [[r.DOF.Kernel.MaxBackgroundRadius:0.025]]
[2021.02.11-16.03.51:958][  0]LogConfig: Applying CVar settings from Section [TextureQuality@3] File [D:/Documents/GitHub/Arena/Arena/Saved/Config/Windows/Scalability.ini]
[2021.02.11-16.03.51:958][  0]LogConfig: Setting CVar [[r.Streaming.MipBias:0]]
[2021.02.11-16.03.51:958][  0]LogConfig: Setting CVar [[r.Streaming.AmortizeCPUToGPUCopy:0]]
[2021.02.11-16.03.51:958][  0]LogConfig: Setting CVar [[r.Streaming.MaxNumTexturesToStreamPerFrame:0]]
[2021.02.11-16.03.51:958][  0]LogConfig: Setting CVar [[r.Streaming.Boost:1]]
[2021.02.11-16.03.51:958][  0]LogConfig: Setting CVar [[r.MaxAnisotropy:8]]
[2021.02.11-16.03.51:958][  0]LogConfig: Setting CVar [[r.VT.MaxAnisotropy:8]]
[2021.02.11-16.03.51:958][  0]LogConfig: Setting CVar [[r.Streaming.LimitPoolSizeToVRAM:0]]
[2021.02.11-16.03.51:958][  0]LogConfig: Setting CVar [[r.Streaming.PoolSize:1000]]
[2021.02.11-16.03.51:958][  0]LogConfig: Setting CVar [[r.Streaming.MaxEffectiveScreenSize:0]]
[2021.02.11-16.03.51:958][  0]LogConfig: Applying CVar settings from Section [EffectsQuality@3] File [D:/Documents/GitHub/Arena/Arena/Saved/Config/Windows/Scalability.ini]
[2021.02.11-16.03.51:958][  0]LogConfig: Setting CVar [[r.TranslucencyLightingVolumeDim:64]]
[2021.02.11-16.03.51:958][  0]LogConfig: Setting CVar [[r.RefractionQuality:2]]
[2021.02.11-16.03.51:958][  0]LogConfig: Setting CVar [[r.SSR.Quality:3]]
[2021.02.11-16.03.51:958][  0]LogConfig: Setting CVar [[r.SSR.HalfResSceneColor:0]]
[2021.02.11-16.03.51:958][  0]LogConfig: Setting CVar [[r.SceneColorFormat:4]]
[2021.02.11-16.03.51:958][  0]LogConfig: Setting CVar [[r.DetailMode:2]]
[2021.02.11-16.03.51:958][  0]LogConfig: Setting CVar [[r.TranslucencyVolumeBlur:1]]
[2021.02.11-16.03.51:958][  0]LogConfig: Setting CVar [[r.MaterialQualityLevel:1 ; High quality]]
[2021.02.11-16.03.51:958][  0]LogConfig: Setting CVar [[r.SSS.Scale:1]]
[2021.02.11-16.03.51:958][  0]LogConfig: Setting CVar [[r.SSS.SampleSet:2]]
[2021.02.11-16.03.51:958][  0]LogConfig: Setting CVar [[r.SSS.Quality:1]]
[2021.02.11-16.03.51:958][  0]LogConfig: Setting CVar [[r.SSS.HalfRes:0]]
[2021.02.11-16.03.51:958][  0]LogConfig: Setting CVar [[r.SSGI.Quality:3]]
[2021.02.11-16.03.51:958][  0]LogConfig: Setting CVar [[r.EmitterSpawnRateScale:1.0]]
[2021.02.11-16.03.51:958][  0]LogConfig: Setting CVar [[r.ParticleLightQuality:2]]
[2021.02.11-16.03.51:958][  0]LogConfig: Setting CVar [[r.SkyAtmosphere.AerialPerspectiveLUT.FastApplyOnOpaque:1 ; Always have FastSkyLUT 1 in this case to avoid wrong sky]]
[2021.02.11-16.03.51:958][  0]LogConfig: Setting CVar [[r.SkyAtmosphere.AerialPerspectiveLUT.SampleCountPerSlice:1]]
[2021.02.11-16.03.51:958][  0]LogConfig: Setting CVar [[r.SkyAtmosphere.AerialPerspectiveLUT.DepthResolution:16.0]]
[2021.02.11-16.03.51:959][  0]LogConfig: Setting CVar [[r.SkyAtmosphere.FastSkyLUT:1]]
[2021.02.11-16.03.51:959][  0]LogConfig: Setting CVar [[r.SkyAtmosphere.FastSkyLUT.SampleCountMin:4.0]]
[2021.02.11-16.03.51:959][  0]LogConfig: Setting CVar [[r.SkyAtmosphere.FastSkyLUT.SampleCountMax:32.0]]
[2021.02.11-16.03.51:959][  0]LogConfig: Setting CVar [[r.SkyAtmosphere.SampleCountMin:4.0]]
[2021.02.11-16.03.51:959][  0]LogConfig: Setting CVar [[r.SkyAtmosphere.SampleCountMax:32.0]]
[2021.02.11-16.03.51:959][  0]LogConfig: Setting CVar [[r.SkyAtmosphere.TransmittanceLUT.UseSmallFormat:0]]
[2021.02.11-16.03.51:959][  0]LogConfig: Setting CVar [[r.SkyAtmosphere.TransmittanceLUT.SampleCount:10.0]]
[2021.02.11-16.03.51:959][  0]LogConfig: Setting CVar [[r.SkyAtmosphere.MultiScatteringLUT.SampleCount:15.0]]
[2021.02.11-16.03.51:959][  0]LogConfig: Applying CVar settings from Section [FoliageQuality@3] File [D:/Documents/GitHub/Arena/Arena/Saved/Config/Windows/Scalability.ini]
[2021.02.11-16.03.51:959][  0]LogConfig: Setting CVar [[foliage.DensityScale:1.0]]
[2021.02.11-16.03.51:959][  0]LogConfig: Setting CVar [[grass.DensityScale:1.0]]
[2021.02.11-16.03.51:959][  0]LogConfig: Applying CVar settings from Section [ShadingQuality@3] File [D:/Documents/GitHub/Arena/Arena/Saved/Config/Windows/Scalability.ini]
[2021.02.11-16.03.51:959][  0]LogConfig: Setting CVar [[r.HairStrands.SkyLighting.SampleCount:16]]
[2021.02.11-16.03.51:959][  0]LogConfig: Setting CVar [[r.HairStrands.SkyLighting.JitterIntegration:0]]
[2021.02.11-16.03.51:959][  0]LogConfig: Setting CVar [[r.HairStrands.SkyAO.SampleCount:16]]
[2021.02.11-16.03.51:959][  0]LogConfig: Setting CVar [[r.HairStrands.DeepShadow.SuperSampling:0]]
[2021.02.11-16.03.51:959][  0]LogConfig: Setting CVar [[r.HairStrands.VisibilityPPLL:0]]
[2021.02.11-16.03.51:959][  0]LogConfig: Setting CVar [[r.HairStrands.RasterizationScale:0.5]]
[2021.02.11-16.03.51:959][  0]LogConfig: Setting CVar [[r.HairStrands.VelocityRasterizationScale:1]]
[2021.02.11-16.03.51:959][  0]LogConfig: Applying CVar settings from Section [Startup] File [../../../Engine/Config/ConsoleVariables.ini]
[2021.02.11-16.03.51:959][  0]LogConfig: Setting CVar [[net.UseAdaptiveNetUpdateFrequency:0]]
[2021.02.11-16.03.51:959][  0]LogConfig: Setting CVar [[p.chaos.AllowCreatePhysxBodies:1]]
[2021.02.11-16.03.51:959][  0]LogConfig: Setting CVar [[fx.SkipVectorVMBackendOptimizations:1]]
[2021.02.11-16.03.51:959][  0]LogConfig: Applying CVar settings from Section [ConsoleVariables] File [D:/Documents/GitHub/Arena/Arena/Saved/Config/Windows/Engine.ini]
[2021.02.11-16.03.51:959][  0]LogInit: Computer: DESKTOP-L6BC56T
[2021.02.11-16.03.51:959][  0]LogInit: User: syky7
[2021.02.11-16.03.51:959][  0]LogInit: CPU Page size=4096, Cores=8
[2021.02.11-16.03.51:959][  0]LogInit: High frequency timer resolution =10.000000 MHz
[2021.02.11-16.03.51:959][  0]LogMemory: Memory total: Physical=31.9GB (32GB approx)
[2021.02.11-16.03.51:959][  0]LogMemory: Platform Memory Stats for Windows
[2021.02.11-16.03.51:959][  0]LogMemory: Process Physical Memory: 120.42 MB used, 120.42 MB peak
[2021.02.11-16.03.51:959][  0]LogMemory: Process Virtual Memory: 98.14 MB used, 98.14 MB peak
[2021.02.11-16.03.51:959][  0]LogMemory: Physical Memory: 14552.86 MB used,  18129.50 MB free, 32682.36 MB total
[2021.02.11-16.03.51:959][  0]LogMemory: Virtual Memory: 5187.20 MB used,  134212544.00 MB free, 134217728.00 MB total
[2021.02.11-16.03.51:964][  0]LogWindows: WindowsPlatformFeatures enabled
[2021.02.11-16.03.51:992][  0]LogInit: Physics initialised using underlying interface: PhysX
[2021.02.11-16.03.51:993][  0]LogInit: Using OS detected language (en-GB).
[2021.02.11-16.03.51:993][  0]LogInit: Using OS detected locale (en-GB).
[2021.02.11-16.03.51:995][  0]LogTextLocalizationManager: No specific localization for 'en-GB' exists, so the 'en' localization will be used.
[2021.02.11-16.03.52:133][  0]LogInit: Setting process to per monitor DPI aware
[2021.02.11-16.03.52:185][  0]LogSlate: New Slate User Created.  User Index 0, Is Virtual User: 0
[2021.02.11-16.03.52:185][  0]LogSlate: Slate User Registered.  User Index 0, Is Virtual User: 0
[2021.02.11-16.03.52:393][  0]LogHMD: Failed to initialize OpenVR with code 110
[2021.02.11-16.03.52:393][  0]LogD3D11RHI: D3D11 min allowed feature level: 11_0
[2021.02.11-16.03.52:393][  0]LogD3D11RHI: D3D11 max allowed feature level: 11_0
[2021.02.11-16.03.52:393][  0]LogD3D11RHI: D3D11 adapters:
[2021.02.11-16.03.52:428][  0]LogD3D11RHI:    0. 'Radeon RX 570 Series' (Feature Level 11_0)
[2021.02.11-16.03.52:428][  0]LogD3D11RHI:       8171/0/16341 MB DedicatedVideo/DedicatedSystem/SharedSystem, Outputs:3, VendorId:0x1002
[2021.02.11-16.03.52:430][  0]LogD3D11RHI:    1. 'Microsoft Basic Render Driver' (Feature Level 11_0)
[2021.02.11-16.03.52:430][  0]LogD3D11RHI:       0/0/16341 MB DedicatedVideo/DedicatedSystem/SharedSystem, Outputs:0, VendorId:0x1414
[2021.02.11-16.03.52:430][  0]LogD3D11RHI: Chosen D3D11 Adapter: 0
[2021.02.11-16.03.52:440][  0]LogD3D11RHI: Creating new Direct3DDevice
[2021.02.11-16.03.52:440][  0]LogD3D11RHI:     GPU DeviceId: 0x67df (for the marketing name, search the web for "GPU Device Id")
[2021.02.11-16.03.52:440][  0]LogWindows: EnumDisplayDevices:
[2021.02.11-16.03.52:441][  0]LogWindows:    0. 'Radeon RX 570 Series' (P:1 D:1)
[2021.02.11-16.03.52:441][  0]LogWindows:    1. 'Radeon RX 570 Series' (P:0 D:1)
[2021.02.11-16.03.52:441][  0]LogWindows:    2. 'Radeon RX 570 Series' (P:0 D:1)
[2021.02.11-16.03.52:441][  0]LogWindows:    3. 'Radeon RX 570 Series' (P:0 D:0)
[2021.02.11-16.03.52:442][  0]LogWindows:    4. 'Radeon RX 570 Series' (P:0 D:0)
[2021.02.11-16.03.52:442][  0]LogWindows:    5. 'Radeon RX 570 Series' (P:0 D:0)
[2021.02.11-16.03.52:442][  0]LogWindows:    6. 'Radeon RX 570 Series' (P:0 D:0)
[2021.02.11-16.03.52:442][  0]LogWindows:    7. 'Radeon RX 570 Series' (P:0 D:0)
[2021.02.11-16.03.52:442][  0]LogWindows: DebugString: FoundDriverCount:8 
[2021.02.11-16.03.52:442][  0]LogD3D11RHI:     Adapter Name: Radeon RX 570 Series
[2021.02.11-16.03.52:443][  0]LogD3D11RHI:   Driver Version: Adrenalin 20.10.35.02 (internal:27.20.1034.6, unified:27.20.1034.6)
[2021.02.11-16.03.52:443][  0]LogD3D11RHI:      Driver Date: 8-21-2020
[2021.02.11-16.03.52:443][  0]LogRHI: Texture pool is 5182 MB (70% of 7403 MB)
[2021.02.11-16.03.52:510][  0]LogD3D11RHI: RHI has support for 64 bit atomics
[2021.02.11-16.03.52:510][  0]LogD3D11RHI: Async texture creation enabled
[2021.02.11-16.03.52:510][  0]LogD3D11RHI: Array index from any shader is supported
[2021.02.11-16.03.52:510][  0]LogD3D11RHI: HDR output is supported on display 2 (AMD Device: 0x0, Display: 0x2).
[2021.02.11-16.03.52:520][  0]LogD3D11RHI: GPU Timing Frequency: 25.000000 (Debug: 2 1)
[2021.02.11-16.03.52:756][  0]LogTargetPlatformManager: Display: Loaded TargetPlatform 'AllDesktop'
[2021.02.11-16.03.52:775][  0]LogTargetPlatformManager: Display: Loaded TargetPlatform 'Android'
[2021.02.11-16.03.52:775][  0]LogTargetPlatformManager: Display: Loaded TargetPlatform 'Android_ASTC'
[2021.02.11-16.03.52:775][  0]LogTargetPlatformManager: Display: Loaded TargetPlatform 'Android_DXT'
[2021.02.11-16.03.52:775][  0]LogTargetPlatformManager: Display: Loaded TargetPlatform 'Android_ETC2'
[2021.02.11-16.03.52:775][  0]LogTargetPlatformManager: Display: Loaded TargetPlatform 'AndroidClient'
[2021.02.11-16.03.52:775][  0]LogTargetPlatformManager: Display: Loaded TargetPlatform 'Android_ASTCClient'
[2021.02.11-16.03.52:775][  0]LogTargetPlatformManager: Display: Loaded TargetPlatform 'Android_DXTClient'
[2021.02.11-16.03.52:775][  0]LogTargetPlatformManager: Display: Loaded TargetPlatform 'Android_ETC2Client'
[2021.02.11-16.03.52:775][  0]LogTargetPlatformManager: Display: Loaded TargetPlatform 'Android_Multi'
[2021.02.11-16.03.52:775][  0]LogTargetPlatformManager: Display: Loaded TargetPlatform 'Android_MultiClient'
[2021.02.11-16.03.52:798][  0]LogTargetPlatformManager: Display: Loaded TargetPlatform 'IOSClient'
[2021.02.11-16.03.52:798][  0]LogTargetPlatformManager: Display: Loaded TargetPlatform 'IOS'
[2021.02.11-16.03.52:807][  0]LogTargetPlatformManager: Display: Loaded TargetPlatform 'Linux'
[2021.02.11-16.03.52:816][  0]LogTargetPlatformManager: Display: Loaded TargetPlatform 'LinuxNoEditor'
[2021.02.11-16.03.52:824][  0]LogTargetPlatformManager: Display: Loaded TargetPlatform 'LinuxClient'
[2021.02.11-16.03.52:833][  0]LogTargetPlatformManager: Display: Loaded TargetPlatform 'LinuxServer'
[2021.02.11-16.03.52:843][  0]LogTargetPlatformManager: Display: Loaded TargetPlatform 'LinuxAArch64NoEditor'
[2021.02.11-16.03.52:852][  0]LogTargetPlatformManager: Display: Loaded TargetPlatform 'LinuxAArch64Client'
[2021.02.11-16.03.52:860][  0]LogTargetPlatformManager: Display: Loaded TargetPlatform 'LinuxAArch64Server'
[2021.02.11-16.03.52:884][  0]LogTargetPlatformManager: Display: Loaded TargetPlatform 'Lumin'
[2021.02.11-16.03.52:884][  0]LogTargetPlatformManager: Display: Loaded TargetPlatform 'LuminClient'
[2021.02.11-16.03.52:898][  0]LogTargetPlatformManager: Display: Loaded TargetPlatform 'TVOSClient'
[2021.02.11-16.03.52:898][  0]LogTargetPlatformManager: Display: Loaded TargetPlatform 'TVOS'
[2021.02.11-16.03.52:907][  0]LogTargetPlatformManager: Display: Loaded TargetPlatform 'WindowsNoEditor'
[2021.02.11-16.03.52:915][  0]LogTargetPlatformManager: Display: Loaded TargetPlatform 'Windows'
[2021.02.11-16.03.52:923][  0]LogTargetPlatformManager: Display: Loaded TargetPlatform 'WindowsClient'
[2021.02.11-16.03.52:932][  0]LogTargetPlatformManager: Display: Loaded TargetPlatform 'WindowsServer'
[2021.02.11-16.03.52:932][  0]LogTargetPlatformManager: Display: Building Assets For Windows
[2021.02.11-16.03.52:939][  0]LogAudioDebug: Display: Lib vorbis DLL was dynamically loaded.
[2021.02.11-16.03.52:991][  0]LogShaderCompilers: Guid format shader working directory is 3 characters bigger than the processId version (../../../../../Documents/GitHub/Arena/Arena/Intermediate/Shaders/WorkingDirectory/1464/).
[2021.02.11-16.03.52:992][  0]LogShaderCompilers: Cleaned the shader compiler working directory 'C:/Users/syky7/AppData/Local/Temp/UnrealShaderWorkingDir/F105D8C4445C23EF8ECFF9A4A9995A97/'.
[2021.02.11-16.03.52:992][  0]LogXGEController: Cleaning working directory: C:/Users/syky7/AppData/Local/Temp/UnrealXGEWorkingDir/
[2021.02.11-16.03.52:992][  0]LogXGEController: Cannot use XGE Controller as Incredibuild is not installed on this machine.
[2021.02.11-16.03.52:992][  0]LogShaderCompilers: Cannot use XGE Shader Compiler as Incredibuild is not installed on this machine.
[2021.02.11-16.03.52:992][  0]LogShaderCompilers: Display: Using Local Shader Compiler.
[2021.02.11-16.03.53:658][  0]LogDerivedDataCache: Display: Max Cache Size: 512 MB
[2021.02.11-16.03.53:700][  0]LogDerivedDataCache: Loaded boot cache 0.04s 82MB C:/Users/syky7/AppData/Local/UnrealEngine/4.25/DerivedDataCache/Boot.ddc.
[2021.02.11-16.03.53:700][  0]LogDerivedDataCache: Display: Loaded Boot cache: C:/Users/syky7/AppData/Local/UnrealEngine/4.25/DerivedDataCache/Boot.ddc
[2021.02.11-16.03.53:700][  0]LogDerivedDataCache: FDerivedDataBackendGraph:  Pak pak cache file ../../../../../Documents/GitHub/Arena/Arena/DerivedDataCache/DDC.ddp not found, will not use a pak cache.
[2021.02.11-16.03.53:700][  0]LogDerivedDataCache: Unable to find inner node Pak for hierarchical cache Hierarchy.
[2021.02.11-16.03.53:700][  0]LogDerivedDataCache: FDerivedDataBackendGraph:  CompressedPak pak cache file ../../../../../Documents/GitHub/Arena/Arena/DerivedDataCache/Compressed.ddp not found, will not use a pak cache.
[2021.02.11-16.03.53:700][  0]LogDerivedDataCache: Unable to find inner node CompressedPak for hierarchical cache Hierarchy.
[2021.02.11-16.03.53:710][  0]LogDerivedDataCache: Display: Pak cache opened for reading ../../../Engine/DerivedDataCache/Compressed.ddp.
[2021.02.11-16.03.53:710][  0]LogDerivedDataCache: FDerivedDataBackendGraph:  EnterprisePak pak cache file ../../../Enterprise/DerivedDataCache/Compressed.ddp not found, will not use a pak cache.
[2021.02.11-16.03.53:710][  0]LogDerivedDataCache: Unable to find inner node EnterprisePak for hierarchical cache Hierarchy.
[2021.02.11-16.03.53:712][  0]LogDerivedDataCache: Using Local data cache path C:/Users/syky7/AppData/Local/UnrealEngine/Common/DerivedDataCache: Writable
[2021.02.11-16.03.53:712][  0]LogDerivedDataCache: Shared data cache path not found in *engine.ini, will not use an Shared cache.
[2021.02.11-16.03.53:712][  0]LogDerivedDataCache: Unable to find inner node Shared for hierarchical cache Hierarchy.
[2021.02.11-16.03.53:752][  0]LogSlate: Using FreeType 2.10.0
[2021.02.11-16.03.53:753][  0]LogSlate: SlateFontServices - WITH_FREETYPE: 1, WITH_HARFBUZZ: 1
[2021.02.11-16.03.53:772][  0]LogAssetRegistry: FAssetRegistry took 0.0026 seconds to start up
[2021.02.11-16.03.53:978][  0]LogInit: Selected Device Profile: [Windows]
[2021.02.11-16.03.54:069][  0]LogMeshReduction: Using QuadricMeshReduction for automatic static mesh reduction
[2021.02.11-16.03.54:069][  0]LogMeshReduction: Using SimplygonMeshReduction for automatic skeletal mesh reduction
[2021.02.11-16.03.54:069][  0]LogMeshReduction: Using ProxyLODMeshReduction for automatic mesh merging
[2021.02.11-16.03.54:069][  0]LogMeshReduction: No distributed automatic mesh merging module available
[2021.02.11-16.03.54:069][  0]LogMeshMerging: No distributed automatic mesh merging module available
[2021.02.11-16.03.54:098][  0]LogNetVersion: Arena 1.0.0, NetCL: 13144385, EngineNetVer: 14, GameNetVer: 0 (Checksum: 1032223068)
[2021.02.11-16.03.54:413][  0]LogAISub: UAISubsystem::UAISubsystem AISubsystem (0000013B0753DBC0), frame # 0
[2021.02.11-16.03.54:413][  0]LogAISub: UAISubsystem::UAISubsystem AIPerceptionSystem (0000013B07495080), frame # 0
[2021.02.11-16.03.54:414][  0]LogAISub: UAISubsystem::UAISubsystem EnvQueryManager (0000013B074F9E00), frame # 0
[2021.02.11-16.03.54:459][  0]LogPackageLocalizationCache: Processed 19 localized package path(s) for 1 prioritized culture(s) in 0.039229 seconds
[2021.02.11-16.03.54:464][  0]LogUObjectArray: 15917 objects as part of root set at end of initial load.
[2021.02.11-16.03.54:464][  0]LogUObjectAllocator: 3965568 out of 0 bytes used by permanent object pool.
[2021.02.11-16.03.54:464][  0]LogUObjectArray: CloseDisregardForGC: 0/0 objects in disregard for GC pool
[2021.02.11-16.03.54:766][  0]LogTcpMessaging: Initializing TcpMessaging bridge
[2021.02.11-16.03.54:771][  0]LogUdpMessaging: Initializing bridge on interface 0.0.0.0:0 to multicast group 230.0.0.1:6666.
[2021.02.11-16.03.54:949][  0]SourceControl: Source control is disabled
[2021.02.11-16.03.54:949][  0]SourceControl: Source control is disabled
[2021.02.11-16.03.54:952][  0]SourceControl: Source control is disabled
[2021.02.11-16.03.54:954][  0]SourceControl: Source control is disabled
[2021.02.11-16.03.54:960][  0]SourceControl: Source control is disabled
[2021.02.11-16.03.55:172][  0]LogAndroidPermission: UAndroidPermissionCallbackProxy::GetInstance
[2021.02.11-16.03.55:189][  0]LogAudioCaptureCore: Display: No Audio Capture implementations found. Audio input will be silent.
[2021.02.11-16.03.55:189][  0]LogAudioCaptureCore: Display: No Audio Capture implementations found. Audio input will be silent.
[2021.02.11-16.03.55:235][  0]LogOcInput: OculusInput pre-init called
[2021.02.11-16.03.55:245][  0]LogWindows: Failed to load 'OVRPlugin.dll' (GetLastError=126)
[2021.02.11-16.03.55:245][  0]LogWindows: File 'OVRPlugin.dll' does not exist
[2021.02.11-16.03.55:301][  0]LogEngine: Initializing Engine...
[2021.02.11-16.03.55:302][  0]LogHMD: Failed to initialize OpenVR with code 110
[2021.02.11-16.03.55:302][  0]LogMagicLeap: Warning: VR disabled because ZI is not enabled.  To enable, in the editor, Edit -> Project Settings -> Plugins -> Magic Leap Plugin -> Enable Zero Iteration
[2021.02.11-16.03.55:302][  0]LogStats: UGameplayTagsManager::InitializeManager -  0.000 s
[2021.02.11-16.03.55:401][  0]LogInit: Initializing FReadOnlyCVARCache
[2021.02.11-16.03.55:408][  0]LogAIModule: Creating AISystem for world Untitled
[2021.02.11-16.03.55:408][  0]LogAISub: UAISubsystem::UAISubsystem EnvQueryManager (0000013B127AD600), frame # 0
[2021.02.11-16.03.55:408][  0]LogAISub: UAISubsystem::UAISubsystem AIPerceptionSystem (0000013B127F4A40), frame # 0
[2021.02.11-16.03.55:419][  0]LogAudioMixer: Display: Audio Mixer Platform Settings:
[2021.02.11-16.03.55:419][  0]LogAudioMixer: Display: 	Sample Rate:						  48000
[2021.02.11-16.03.55:419][  0]LogAudioMixer: Display: 	Callback Buffer Frame Size Requested: 1024
[2021.02.11-16.03.55:419][  0]LogAudioMixer: Display: 	Callback Buffer Frame Size To Use:	  1024
[2021.02.11-16.03.55:419][  0]LogAudioMixer: Display: 	Number of buffers to queue:			  2
[2021.02.11-16.03.55:419][  0]LogAudioMixer: Display: 	Max Channels (voices):				  32
[2021.02.11-16.03.55:419][  0]LogAudioMixer: Display: 	Number of Async Source Workers:		  0
[2021.02.11-16.03.55:419][  0]LogAudio: Display: AudioDevice MaxSources: 32
[2021.02.11-16.03.55:419][  0]LogAudio: Display: Using built-in audio occlusion.
[2021.02.11-16.03.55:419][  0]LogAudioMixer: Display: Initializing audio mixer.
[2021.02.11-16.03.55:429][  0]LogAudioMixer: Warning: Did not find the channel type flags for audio device 'Headset (WH-XB900N Hands-Free AG Audio)'. Reverting to a default channel ordering.
[2021.02.11-16.03.55:429][  0]LogAudioMixer: Display: 0: FrontLeft
[2021.02.11-16.03.55:429][  0]LogAudioMixer: Display: 1: FrontRight
[2021.02.11-16.03.55:452][  0]LogAudioMixer: Display: Using Audio Device Headset (WH-XB900N Hands-Free AG Audio)
[2021.02.11-16.03.55:453][  0]LogAudioMixer: Display: Initializing Sound Submixes...
[2021.02.11-16.03.55:459][  0]LogAudioMixer: Display: Creating Master Submix 'MasterSubmixDefault'
[2021.02.11-16.03.55:459][  0]LogAudioMixer: Display: Creating Master Submix 'MasterReverbSubmixDefault'
[2021.02.11-16.03.55:460][  0]LogAudioMixer: Display: Creating Master Submix 'MasterEQSubmixDefault'
[2021.02.11-16.03.55:460][  0]LogInit: FAudioDevice initialized.
[2021.02.11-16.03.55:460][  0]LogNetVersion: Set ProjectVersion to 1.0.0.0. Version Checksum will be recalculated on next use.
[2021.02.11-16.03.55:564][  0]LogDerivedDataCache: Saved boot cache 0.10s 82MB C:/Users/syky7/AppData/Local/UnrealEngine/4.25/DerivedDataCache/Boot.ddc.
[2021.02.11-16.03.55:565][  0]LogInit: Texture streaming: Enabled
[2021.02.11-16.03.55:582][  0]LogEngineSessionManager: EngineSessionManager initialized
[2021.02.11-16.03.55:582][  0]LogEngineSessionManager: EngineSessionManager sent abnormal shutdown report. Type=Crashed, SessionId={5DD05201-4CFC-38A2-48E3-AA9CAAD25DFF}
[2021.02.11-16.03.55:582][  0]LogEditorSessionSummary: Verbose: Initializing EditorSessionSummaryWriter for editor session tracking
[2021.02.11-16.03.55:585][  0]LogEditorSessionSummary: EditorSessionSummaryWriter initialized
[2021.02.11-16.03.55:639][  0]LogInit: Transaction tracking system initialized
[2021.02.11-16.03.55:659][  0]BlueprintLog: New page: Editor Load
[2021.02.11-16.03.55:720][  0]LocalizationService: Localization service is disabled
[2021.02.11-16.03.55:845][  0]LogCook: Display: Max memory allowance for cook 16384mb min free memory 0mb
[2021.02.11-16.03.55:845][  0]LogCook: Display: Mobile HDR setting 1
[2021.02.11-16.03.55:958][  0]LogFileCache: Scanning file cache for directory 'D:/Documents/GitHub/Arena/Arena/Content/' took 0.00s
[2021.02.11-16.03.56:101][  0]SourceControl: Source control is disabled
[2021.02.11-16.03.56:101][  0]LogUnrealEdMisc: Loading editor; pre map load, took 5.839
[2021.02.11-16.03.56:101][  0]Cmd: MAP LOAD FILE="../../../../../Documents/GitHub/Arena/Arena/Content/ThirdPersonCPP/Maps/ThirdPersonExampleMap.umap" TEMPLATE=0 SHOWPROGRESS=1 FEATURELEVEL=3
[2021.02.11-16.03.56:101][  0]LightingResults: New page: Lighting Build
[2021.02.11-16.03.56:102][  0]LogWorld: UWorld::CleanupWorld for Untitled, bSessionEnded=true, bCleanupResources=true
[2021.02.11-16.03.56:102][  0]LogSlate: InvalidateAllWidgets triggered.  All widgets were invalidated
[2021.02.11-16.03.56:102][  0]MapCheck: New page: Map Check
[2021.02.11-16.03.56:102][  0]LightingResults: New page: Lighting Build
[2021.02.11-16.03.56:123][  0]LogAISub: UAISubsystem::~UAISubsystem EnvQueryManager (0000013B127AD600), frame # 0
[2021.02.11-16.03.56:123][  0]LogAISub: UAISubsystem::~UAISubsystem AIPerceptionSystem (0000013B127F4A40), frame # 0
[2021.02.11-16.03.56:124][  0]LogUObjectHash: Compacting FUObjectHashTables data took   0.76ms
[2021.02.11-16.03.56:191][  0]LogAIModule: Creating AISystem for world ThirdPersonExampleMap
[2021.02.11-16.03.56:191][  0]LogAISub: UAISubsystem::UAISubsystem EnvQueryManager (0000013B13211A00), frame # 0
[2021.02.11-16.03.56:191][  0]LogAISub: UAISubsystem::UAISubsystem AIPerceptionSystem (0000013B12DA2340), frame # 0
[2021.02.11-16.03.56:201][  0]LogEditorServer: Finished looking for orphan Actors (0.000 secs)
[2021.02.11-16.03.56:212][  0]LogUObjectHash: Compacting FUObjectHashTables data took   0.70ms
[2021.02.11-16.03.56:212][  0]Cmd: MAP CHECKDEP NOCLEARLOG
[2021.02.11-16.03.56:212][  0]MapCheck: Map check complete: 0 Error(s), 0 Warning(s), took 0.108ms to complete.
[2021.02.11-16.03.56:212][  0]LogFileHelpers: Loading map 'ThirdPersonExampleMap' took 0.111
[2021.02.11-16.03.56:214][  0]LogUnrealEdMisc: Total Editor Startup Time, took 5.953
[2021.02.11-16.03.56:350][  0]LogSlate: Updating window title bar state: overlay mode, drag disabled, window buttons hidden, title bar hidden
[2021.02.11-16.03.56:356][  0]LogSlate: Updating window title bar state: overlay mode, drag disabled, window buttons hidden, title bar hidden
[2021.02.11-16.03.56:361][  0]LogSlate: Updating window title bar state: overlay mode, drag disabled, window buttons hidden, title bar hidden
[2021.02.11-16.03.56:366][  0]LogSlate: Updating window title bar state: overlay mode, drag disabled, window buttons hidden, title bar hidden
[2021.02.11-16.03.56:373][  0]LogCollectionManager: Loaded 0 collections in 0.000783 seconds
[2021.02.11-16.03.56:386][  0]LogFileCache: Scanning file cache for directory 'D:/Documents/GitHub/Arena/Arena/Saved/Collections/' took 0.00s
[2021.02.11-16.03.56:386][  0]LogFileCache: Scanning file cache for directory 'D:/Documents/GitHub/Arena/Arena/Content/Developers/syky7/Collections/' took 0.00s
[2021.02.11-16.03.56:386][  0]LogFileCache: Scanning file cache for directory 'D:/Documents/GitHub/Arena/Arena/Content/Collections/' took 0.00s
[2021.02.11-16.03.56:386][  0]LogContentBrowser: Native class hierarchy populated in 0.0090 seconds. Added 3429 classes and 823 folders.
[2021.02.11-16.03.56:388][  0]LogContentBrowser: Native class hierarchy updated for 'WidgetCarousel' in 0.0003 seconds. Added 0 classes and 0 folders.
[2021.02.11-16.03.56:457][  0]LogContentBrowser: Native class hierarchy updated for 'AddContentDialog' in 0.0004 seconds. Added 0 classes and 0 folders.
[2021.02.11-16.03.56:460][  0]LogContentBrowser: Native class hierarchy updated for 'SceneOutliner' in 0.0003 seconds. Added 2 classes and 0 folders.
[2021.02.11-16.03.56:503][  0]LogSlate: Took 0.000193 seconds to synchronously load lazily loaded font '../../../Engine/Content/Slate/Fonts/Roboto-Regular.ttf' (155K)
[2021.02.11-16.03.56:504][  0]LogSlate: Took 0.000135 seconds to synchronously load lazily loaded font '../../../Engine/Content/Slate/Fonts/Roboto-Bold.ttf' (160K)
[2021.02.11-16.03.56:508][  0]LogSlate: Took 0.000191 seconds to synchronously load lazily loaded font '../../../Engine/Content/Editor/Slate/Fonts/FontAwesome.ttf' (139K)
[2021.02.11-16.03.56:598][  0]LogRenderer: Reallocating scene render targets to support 1208x572 Format 10 NumSamples 1 (Frame:1).
[2021.02.11-16.03.56:775][  0]LogContentBrowser: Native class hierarchy updated for 'HierarchicalLODOutliner' in 0.0004 seconds. Added 0 classes and 0 folders.
[2021.02.11-16.03.56:776][  0]LogLoad: (Engine Initialization) Total time: 6.51 seconds
[2021.02.11-16.03.56:776][  0]LogLoad: (Engine Initialization) Total Blueprint compile time: 0.00 seconds
[2021.02.11-16.03.56:812][  0]LogAssetRegistry: Asset discovery search completed in 3.0412 seconds
[2021.02.11-16.03.56:815][  0]LogCollectionManager: Fixed up redirectors for 0 collections in 0.000002 seconds (updated 0 objects)
[2021.02.11-16.03.56:816][  0]LogContentStreaming: Texture pool size now 1000 MB
[2021.02.11-16.03.56:839][  0]LogSlate: Took 0.000301 seconds to synchronously load lazily loaded font '../../../Engine/Content/Slate/Fonts/Roboto-Light.ttf' (167K)
[2021.02.11-16.04.23:886][ 81]LogHotReload: New module detected: UE4Editor-Arena-0032.dll
[2021.02.11-16.04.24:568][ 84]LogHotReload: Starting Hot-Reload from IDE
[2021.02.11-16.04.24:571][ 84]LogSlate: Took 0.000256 seconds to synchronously load lazily loaded font '../../../Engine/Content/Slate/Fonts/Roboto-Light.ttf' (167K)
[2021.02.11-16.04.24:880][ 84]LogContentBrowser: Native class hierarchy updated for 'Arena' in 0.0006 seconds. Added 2 classes and 2 folders.
[2021.02.11-16.04.24:881][ 84]Display: HotReload successful (0 functions remapped  0 scriptstructs remapped)
[2021.02.11-16.04.24:921][ 84]LogContentBrowser: Native class hierarchy populated in 0.0084 seconds. Added 3429 classes and 823 folders.
[2021.02.11-16.04.24:924][ 84]Display: HotReload took  0.4s.
[2021.02.11-16.04.26:357][170]LogTemp: Repeating last play command: Selected Viewport
[2021.02.11-16.04.26:371][170]LogPlayLevel: PlayLevel: No blueprints needed recompiling
[2021.02.11-16.04.26:371][170]PIE: New page: PIE session: ThirdPersonExampleMap (11 Feb 2021, 16:04:26)
[2021.02.11-16.04.26:372][170]LogOnline: OSS: Creating online subsystem instance for: NULL
[2021.02.11-16.04.26:373][170]LogOnline: OSS: TryLoadSubsystemAndSetDefault: Loaded subsystem for module [NULL]
[2021.02.11-16.04.26:373][170]LogPlayLevel: Creating play world package: /Game/ThirdPersonCPP/Maps/UEDPIE_0_ThirdPersonExampleMap
[2021.02.11-16.04.26:383][170]LogPlayLevel: PIE: StaticDuplicateObject took: (0.010378s)
[2021.02.11-16.04.26:385][170]LogAIModule: Creating AISystem for world ThirdPersonExampleMap
[2021.02.11-16.04.26:385][170]LogAISub: UAISubsystem::UAISubsystem EnvQueryManager (0000013B2A74CE00), frame # 170
[2021.02.11-16.04.26:385][170]LogAISub: UAISubsystem::UAISubsystem AIPerceptionSystem (0000013B2A747D80), frame # 170
[2021.02.11-16.04.26:385][170]LogPlayLevel: PIE: World Init took: (0.001627s)
[2021.02.11-16.04.26:385][170]LogPlayLevel: PIE: Created PIE world by copying editor world from /Game/ThirdPersonCPP/Maps/ThirdPersonExampleMap.ThirdPersonExampleMap to /Game/ThirdPersonCPP/Maps/UEDPIE_0_ThirdPersonExampleMap.ThirdPersonExampleMap (0.012209s)
[2021.02.11-16.04.26:395][170]LogUObjectHash: Compacting FUObjectHashTables data took   0.60ms
[2021.02.11-16.04.26:396][170]LogAudioMixer: Display: Audio Mixer Platform Settings:
[2021.02.11-16.04.26:396][170]LogAudioMixer: Display: 	Sample Rate:						  48000
[2021.02.11-16.04.26:396][170]LogAudioMixer: Display: 	Callback Buffer Frame Size Requested: 1024
[2021.02.11-16.04.26:396][170]LogAudioMixer: Display: 	Callback Buffer Frame Size To Use:	  1024
[2021.02.11-16.04.26:396][170]LogAudioMixer: Display: 	Number of buffers to queue:			  2
[2021.02.11-16.04.26:396][170]LogAudioMixer: Display: 	Max Channels (voices):				  32
[2021.02.11-16.04.26:396][170]LogAudioMixer: Display: 	Number of Async Source Workers:		  0
[2021.02.11-16.04.26:397][170]LogAudio: Display: AudioDevice MaxSources: 32
[2021.02.11-16.04.26:397][170]LogAudio: Display: Using built-in audio occlusion.
[2021.02.11-16.04.26:397][170]LogAudioMixer: Display: Initializing audio mixer.
[2021.02.11-16.04.26:400][170]LogAudioMixer: Warning: Did not find the channel type flags for audio device 'Headset (WH-XB900N Hands-Free AG Audio)'. Reverting to a default channel ordering.
[2021.02.11-16.04.26:400][170]LogAudioMixer: Display: 0: FrontLeft
[2021.02.11-16.04.26:400][170]LogAudioMixer: Display: 1: FrontRight
[2021.02.11-16.04.26:408][170]LogAudioMixer: Display: Using Audio Device Headset (WH-XB900N Hands-Free AG Audio)
[2021.02.11-16.04.26:408][170]LogAudioMixer: Display: Initializing Sound Submixes...
[2021.02.11-16.04.26:408][170]LogAudioMixer: Display: Creating Master Submix 'MasterSubmixDefault'
[2021.02.11-16.04.26:408][170]LogAudioMixer: Display: Creating Master Submix 'MasterReverbSubmixDefault'
[2021.02.11-16.04.26:408][170]LogAudioMixer: Display: Creating Master Submix 'MasterEQSubmixDefault'
[2021.02.11-16.04.26:417][170]LogInit: FAudioDevice initialized.
[2021.02.11-16.04.26:422][170]LogLoad: Game class is 'ArenaGameMode'
[2021.02.11-16.04.26:424][170]LogWorld: Bringing World /Game/ThirdPersonCPP/Maps/UEDPIE_0_ThirdPersonExampleMap.ThirdPersonExampleMap up for play (max tick rate 0) at 2021.02.11-16.04.26
[2021.02.11-16.04.26:424][170]LogWorld: Bringing up level for play took: 0.001252
[2021.02.11-16.04.26:424][170]LogOnline: OSS: Creating online subsystem instance for: :Context_2
[2021.02.11-16.04.26:460][170]LogContentBrowser: Native class hierarchy updated for 'MovieSceneCapture' in 0.0005 seconds. Added 20 classes and 0 folders.
[2021.02.11-16.04.26:461][170]PIE: Server logged in
[2021.02.11-16.04.26:462][170]PIE: Play in editor total start time 0.095 seconds.
[2021.02.11-16.04.26:866][213]LogTemp: Display: ////////inputBuffer
[2021.02.11-16.04.26:866][213]LogTemp: Display: 0
[2021.02.11-16.04.28:312][382]LogTemp: Display: ////////inputBuffer
[2021.02.11-16.04.28:312][382]LogTemp: Display: 0
[2021.02.11-16.04.29:516][522]LogSlate: Updating window title bar state: overlay mode, drag disabled, window buttons hidden, title bar hidden
[2021.02.11-16.04.29:516][522]LogWorld: BeginTearingDown for /Game/ThirdPersonCPP/Maps/UEDPIE_0_ThirdPersonExampleMap
[2021.02.11-16.04.29:516][522]LogWorld: UWorld::CleanupWorld for ThirdPersonExampleMap, bSessionEnded=true, bCleanupResources=true
[2021.02.11-16.04.29:516][522]LogSlate: InvalidateAllWidgets triggered.  All widgets were invalidated
[2021.02.11-16.04.29:523][522]LogPlayLevel: Display: Shutting down PIE online subsystems
[2021.02.11-16.04.29:524][522]LogSlate: InvalidateAllWidgets triggered.  All widgets were invalidated
[2021.02.11-16.04.29:546][522]LogSlate: Updating window title bar state: overlay mode, drag disabled, window buttons hidden, title bar hidden
[2021.02.11-16.04.29:547][522]LogAISub: UAISubsystem::~UAISubsystem EnvQueryManager (0000013B2A74CE00), frame # 522
[2021.02.11-16.04.29:547][522]LogAISub: UAISubsystem::~UAISubsystem AIPerceptionSystem (0000013B2A747D80), frame # 522
[2021.02.11-16.04.29:548][522]LogUObjectHash: Compacting FUObjectHashTables data took   0.59ms
[2021.02.11-16.04.29:602][524]LogPlayLevel: Display: Destroying online subsystem :Context_2
[2021.02.11-16.04.36:662][728]LogTemp: Repeating last play command: Selected Viewport
[2021.02.11-16.04.36:673][728]LogPlayLevel: PlayLevel: No blueprints needed recompiling
[2021.02.11-16.04.36:674][728]PIE: New page: PIE session: ThirdPersonExampleMap (11 Feb 2021, 16:04:36)
[2021.02.11-16.04.36:714][728]LogPlayLevel: Creating play world package: /Game/ThirdPersonCPP/Maps/UEDPIE_0_ThirdPersonExampleMap
[2021.02.11-16.04.36:721][728]LogPlayLevel: PIE: StaticDuplicateObject took: (0.007401s)
[2021.02.11-16.04.36:723][728]LogAIModule: Creating AISystem for world ThirdPersonExampleMap
[2021.02.11-16.04.36:723][728]LogAISub: UAISubsystem::UAISubsystem EnvQueryManager (0000013B2A74FA00), frame # 728
[2021.02.11-16.04.36:723][728]LogAISub: UAISubsystem::UAISubsystem AIPerceptionSystem (0000013B2C9379C0), frame # 728
[2021.02.11-16.04.36:723][728]LogPlayLevel: PIE: World Init took: (0.001577s)
[2021.02.11-16.04.36:723][728]LogPlayLevel: PIE: Created PIE world by copying editor world from /Game/ThirdPersonCPP/Maps/ThirdPersonExampleMap.ThirdPersonExampleMap to /Game/ThirdPersonCPP/Maps/UEDPIE_0_ThirdPersonExampleMap.ThirdPersonExampleMap (0.009227s)
[2021.02.11-16.04.36:733][728]LogUObjectHash: Compacting FUObjectHashTables data took   0.57ms
[2021.02.11-16.04.36:734][728]LogAudioMixer: Display: Audio Mixer Platform Settings:
[2021.02.11-16.04.36:734][728]LogAudioMixer: Display: 	Sample Rate:						  48000
[2021.02.11-16.04.36:734][728]LogAudioMixer: Display: 	Callback Buffer Frame Size Requested: 1024
[2021.02.11-16.04.36:734][728]LogAudioMixer: Display: 	Callback Buffer Frame Size To Use:	  1024
[2021.02.11-16.04.36:734][728]LogAudioMixer: Display: 	Number of buffers to queue:			  2
[2021.02.11-16.04.36:734][728]LogAudioMixer: Display: 	Max Channels (voices):				  32
[2021.02.11-16.04.36:734][728]LogAudioMixer: Display: 	Number of Async Source Workers:		  0
[2021.02.11-16.04.36:734][728]LogAudio: Display: AudioDevice MaxSources: 32
[2021.02.11-16.04.36:734][728]LogAudio: Display: Using built-in audio occlusion.
[2021.02.11-16.04.36:734][728]LogAudioMixer: Display: Initializing audio mixer.
[2021.02.11-16.04.36:738][728]LogAudioMixer: Warning: Did not find the channel type flags for audio device 'Headset (WH-XB900N Hands-Free AG Audio)'. Reverting to a default channel ordering.
[2021.02.11-16.04.36:738][728]LogAudioMixer: Display: 0: FrontLeft
[2021.02.11-16.04.36:738][728]LogAudioMixer: Display: 1: FrontRight
[2021.02.11-16.04.36:745][728]LogAudioMixer: Display: Using Audio Device Headset (WH-XB900N Hands-Free AG Audio)
[2021.02.11-16.04.36:746][728]LogAudioMixer: Display: Initializing Sound Submixes...
[2021.02.11-16.04.36:746][728]LogAudioMixer: Display: Creating Master Submix 'MasterSubmixDefault'
[2021.02.11-16.04.36:746][728]LogAudioMixer: Display: Creating Master Submix 'MasterReverbSubmixDefault'
[2021.02.11-16.04.36:746][728]LogAudioMixer: Display: Creating Master Submix 'MasterEQSubmixDefault'
[2021.02.11-16.04.36:755][728]LogInit: FAudioDevice initialized.
[2021.02.11-16.04.36:765][728]LogLoad: Game class is 'ArenaGameMode'
[2021.02.11-16.04.36:767][728]LogWorld: Bringing World /Game/ThirdPersonCPP/Maps/UEDPIE_0_ThirdPersonExampleMap.ThirdPersonExampleMap up for play (max tick rate 0) at 2021.02.11-16.04.36
[2021.02.11-16.04.36:767][728]LogWorld: Bringing up level for play took: 0.001102
[2021.02.11-16.04.36:767][728]LogOnline: OSS: Creating online subsystem instance for: :Context_3
[2021.02.11-16.04.36:768][728]PIE: Server logged in
[2021.02.11-16.04.36:769][728]PIE: Play in editor total start time 0.097 seconds.
[2021.02.11-16.04.37:248][782]LogTemp: Display: ////////inputBuffer
[2021.02.11-16.04.37:248][782]LogTemp: Display: 0
[2021.02.11-16.04.39:688][ 75]LogTemp: Display: ////////inputBuffer
[2021.02.11-16.04.39:688][ 75]LogTemp: Display: 0
[2021.02.11-16.04.40:811][205]LogSlate: Updating window title bar state: overlay mode, drag disabled, window buttons hidden, title bar hidden
[2021.02.11-16.04.40:811][205]LogWorld: BeginTearingDown for /Game/ThirdPersonCPP/Maps/UEDPIE_0_ThirdPersonExampleMap
[2021.02.11-16.04.40:811][205]LogWorld: UWorld::CleanupWorld for ThirdPersonExampleMap, bSessionEnded=true, bCleanupResources=true
[2021.02.11-16.04.40:811][205]LogSlate: InvalidateAllWidgets triggered.  All widgets were invalidated
[2021.02.11-16.04.40:820][205]LogPlayLevel: Display: Shutting down PIE online subsystems
[2021.02.11-16.04.40:821][205]LogSlate: InvalidateAllWidgets triggered.  All widgets were invalidated
[2021.02.11-16.04.40:831][205]LogSlate: Updating window title bar state: overlay mode, drag disabled, window buttons hidden, title bar hidden
[2021.02.11-16.04.40:843][205]LogAISub: UAISubsystem::~UAISubsystem AIPerceptionSystem (0000013B2C9379C0), frame # 1205
[2021.02.11-16.04.40:843][205]LogAISub: UAISubsystem::~UAISubsystem EnvQueryManager (0000013B2A74FA00), frame # 1205
[2021.02.11-16.04.40:844][205]LogUObjectHash: Compacting FUObjectHashTables data took   0.57ms
[2021.02.11-16.04.40:889][207]LogPlayLevel: Display: Destroying online subsystem :Context_3
[2021.02.11-16.04.44:122][574]Candidate modules for hot reload:
[2021.02.11-16.04.44:122][574]  Arena
[2021.02.11-16.04.44:122][574]Launching UnrealBuildTool... [D:/Program Files/UE_4.25/Engine/Binaries/DotNET/UnrealBuildTool.exe  -ModuleWithSuffix=Arena,9592 ArenaEditor Win64 Development -Project="D:/Documents/GitHub/Arena/Arena/Arena.uproject" "D:/Documents/GitHub/Arena/Arena/Arena.uproject"  -IgnoreJunk]
[2021.02.11-16.04.44:129][574]Warning: Starting HotReload took  0.0s.
[2021.02.11-16.04.46:388][785]CompilerResultsLog: New page: Compilation - 11 Feb 2021, 16:04:46
[2021.02.11-16.04.46:388][785]CompilerResultsLog: Using 'git status' to determine working set for adaptive non-unity build (D:\Documents\GitHub\Arena).
[2021.02.11-16.04.46:388][785]CompilerResultsLog: Building ArenaEditor...
[2021.02.11-16.04.46:388][785]CompilerResultsLog: Using Visual Studio 2019 14.27.29111 toolchain (C:\Program Files (x86)\Microsoft Visual Studio\2019\Community\VC\Tools\MSVC\14.27.29110) and Windows 10.0.18362.0 SDK (C:\Program Files (x86)\Windows Kits\10).
[2021.02.11-16.04.46:388][785]CompilerResultsLog: Building 4 actions with 16 processes...
[2021.02.11-16.04.46:388][785]CompilerResultsLog:   [1/4] ArenaCharacter.cpp
[2021.02.11-16.04.46:388][785]CompilerResultsLog:   [2/4] UE4Editor-Arena-9592.lib
[2021.02.11-16.04.46:388][785]CompilerResultsLog:      Creating library D:\Documents\GitHub\Arena\Arena\Intermediate\Build\Win64\UE4Editor\Development\Arena\UE4Editor-Arena-9592.lib and object D:\Documents\GitHub\Arena\Arena\Intermediate\Build\Win64\UE4Editor\Development\Arena\UE4Editor-Arena-9592.exp
[2021.02.11-16.04.46:388][785]CompilerResultsLog:   [3/4] UE4Editor-Arena-9592.dll
[2021.02.11-16.04.46:388][785]CompilerResultsLog:      Creating library D:\Documents\GitHub\Arena\Arena\Intermediate\Build\Win64\UE4Editor\Development\Arena\UE4Editor-Arena-9592.suppressed.lib and object D:\Documents\GitHub\Arena\Arena\Intermediate\Build\Win64\UE4Editor\Development\Arena\UE4Editor-Arena-9592.suppressed.exp
[2021.02.11-16.04.46:388][785]CompilerResultsLog:   [4/4] ArenaEditor.target
[2021.02.11-16.04.46:388][785]CompilerResultsLog: Total time in Parallel executor: 1.69 seconds
[2021.02.11-16.04.46:388][785]CompilerResultsLog: Total execution time: 2.18 seconds
[2021.02.11-16.04.46:388][785]LogMainFrame: MainFrame: Module compiling took 2.269 seconds
[2021.02.11-16.04.46:651][785]LogContentBrowser: Native class hierarchy updated for 'Arena' in 0.0005 seconds. Added 2 classes and 2 folders.
[2021.02.11-16.04.46:651][785]Display: HotReload successful (0 functions remapped  0 scriptstructs remapped)
[2021.02.11-16.04.46:684][785]LogContentBrowser: Native class hierarchy populated in 0.0085 seconds. Added 3429 classes and 823 folders.
[2021.02.11-16.04.46:684][785]Display: HotReload took  2.6s.
[2021.02.11-16.04.47:489][876]LogTemp: Repeating last play command: Selected Viewport
[2021.02.11-16.04.47:503][876]LogPlayLevel: PlayLevel: No blueprints needed recompiling
[2021.02.11-16.04.47:503][876]PIE: New page: PIE session: ThirdPersonExampleMap (11 Feb 2021, 16:04:47)
[2021.02.11-16.04.47:529][876]LogPlayLevel: Creating play world package: /Game/ThirdPersonCPP/Maps/UEDPIE_0_ThirdPersonExampleMap
[2021.02.11-16.04.47:537][876]LogPlayLevel: PIE: StaticDuplicateObject took: (0.008050s)
[2021.02.11-16.04.47:538][876]LogAIModule: Creating AISystem for world ThirdPersonExampleMap
[2021.02.11-16.04.47:538][876]LogAISub: UAISubsystem::UAISubsystem EnvQueryManager (0000013B2C723E00), frame # 1876
[2021.02.11-16.04.47:538][876]LogAISub: UAISubsystem::UAISubsystem AIPerceptionSystem (0000013B2C937880), frame # 1876
[2021.02.11-16.04.47:539][876]LogPlayLevel: PIE: World Init took: (0.001520s)
[2021.02.11-16.04.47:539][876]LogPlayLevel: PIE: Created PIE world by copying editor world from /Game/ThirdPersonCPP/Maps/ThirdPersonExampleMap.ThirdPersonExampleMap to /Game/ThirdPersonCPP/Maps/UEDPIE_0_ThirdPersonExampleMap.ThirdPersonExampleMap (0.009817s)
[2021.02.11-16.04.47:549][876]LogUObjectHash: Compacting FUObjectHashTables data took   0.76ms
[2021.02.11-16.04.47:550][876]LogAudioMixer: Display: Audio Mixer Platform Settings:
[2021.02.11-16.04.47:550][876]LogAudioMixer: Display: 	Sample Rate:						  48000
[2021.02.11-16.04.47:550][876]LogAudioMixer: Display: 	Callback Buffer Frame Size Requested: 1024
[2021.02.11-16.04.47:550][876]LogAudioMixer: Display: 	Callback Buffer Frame Size To Use:	  1024
[2021.02.11-16.04.47:550][876]LogAudioMixer: Display: 	Number of buffers to queue:			  2
[2021.02.11-16.04.47:550][876]LogAudioMixer: Display: 	Max Channels (voices):				  32
[2021.02.11-16.04.47:550][876]LogAudioMixer: Display: 	Number of Async Source Workers:		  0
[2021.02.11-16.04.47:550][876]LogAudio: Display: AudioDevice MaxSources: 32
[2021.02.11-16.04.47:550][876]LogAudio: Display: Using built-in audio occlusion.
[2021.02.11-16.04.47:551][876]LogAudioMixer: Display: Initializing audio mixer.
[2021.02.11-16.04.47:553][876]LogAudioMixer: Warning: Did not find the channel type flags for audio device 'Headset (WH-XB900N Hands-Free AG Audio)'. Reverting to a default channel ordering.
[2021.02.11-16.04.47:553][876]LogAudioMixer: Display: 0: FrontLeft
[2021.02.11-16.04.47:553][876]LogAudioMixer: Display: 1: FrontRight
[2021.02.11-16.04.47:561][876]LogAudioMixer: Display: Using Audio Device Headset (WH-XB900N Hands-Free AG Audio)
[2021.02.11-16.04.47:561][876]LogAudioMixer: Display: Initializing Sound Submixes...
[2021.02.11-16.04.47:561][876]LogAudioMixer: Display: Creating Master Submix 'MasterSubmixDefault'
[2021.02.11-16.04.47:561][876]LogAudioMixer: Display: Creating Master Submix 'MasterReverbSubmixDefault'
[2021.02.11-16.04.47:562][876]LogAudioMixer: Display: Creating Master Submix 'MasterEQSubmixDefault'
[2021.02.11-16.04.47:570][876]LogInit: FAudioDevice initialized.
[2021.02.11-16.04.47:576][876]LogLoad: Game class is 'ArenaGameMode'
[2021.02.11-16.04.47:578][876]LogWorld: Bringing World /Game/ThirdPersonCPP/Maps/UEDPIE_0_ThirdPersonExampleMap.ThirdPersonExampleMap up for play (max tick rate 0) at 2021.02.11-16.04.47
[2021.02.11-16.04.47:578][876]LogWorld: Bringing up level for play took: 0.001112
[2021.02.11-16.04.47:578][876]LogOnline: OSS: Creating online subsystem instance for: :Context_4
[2021.02.11-16.04.47:579][876]PIE: Server logged in
[2021.02.11-16.04.47:580][876]PIE: Play in editor total start time 0.081 seconds.
[2021.02.11-16.04.47:926][915]LogTemp: Display: ////////inputBuffer
[2021.02.11-16.04.47:926][915]LogTemp: Display: 0
